<?xml version="1.0" encoding="utf-8"?>
<TestRun id="b5a99f03-3365-473c-b282-837a947ec4e2" name="@autodl-container-b82240868e-6fff412e 2026-09-15 16:51:54" xmlns="http://microsoft.com/schemas/VisualStudio/TeamTest/2010">
  <Times creation="2026-09-15T16:51:54.7936520+08:00" queuing="2026-09-15T16:51:54.7936521+08:00" start="2026-09-15T16:51:53.9123461+08:00" finish="2026-09-15T16:51:54.8811237+08:00" />
  <TestSettings name="default" id="0f988aa2-0dfe-4be2-b468-fb650f96e781">
    <Deployment runDeploymentRoot="_autodl-container-b82240868e-6fff412e_2026-09-15_16_51_54" />
  </TestSettings>
  <Results>
    <UnitTestResult executionId="ce42aba7-cd41-4c0a-8dd8-185c54b95bce" testId="6b91da85-24fa-8553-c97c-de91b5e947b9" testName="TemporalBlock_RequiresExplicitReorderableSemantics" computerName="autodl-container-b82240868e-6fff412e" duration="00:00:00.0002160" startTime="2026-09-15T16:51:54.7148514+08:00" endTime="2026-09-15T16:51:54.7150671+08:00" testType="13cdc9d9-ddb5-4fa4-a97d-d965ccfc6d4b" outcome="Passed" testListId="8c84fa94-04c1-424b-9868-57a2d4851a1d" relativeResultsDirectory="ce42aba7-cd41-4c0a-8dd8-185c54b95bce" />
    <UnitTestResult executionId="8075a7bf-5769-4c47-8aad-59587abd5984" testId="9861a0aa-6e09-ac2d-e128-4885d57853eb" testName="PairedInferenceRejectsMixedBuildAndPartition" computerName="autodl-container-b82240868e-6fff412e" duration="00:00:00.0002700" startTime="2026-09-15T16:51:54.6646885+08:00" endTime="2026-09-15T16:51:54.6649585+08:00" testType="13cdc9d9-ddb5-4fa4-a97d-d965ccfc6d4b" outcome="Passed" testListId="8c84fa94-04c1-424b-9868-57a2d4851a1d" relativeResultsDirectory="8075a7bf-5769-4c47-8aad-59587abd5984" />
    <UnitTestResult executionId="2cec3b42-9ab3-421b-89e3-b773b411f9fe" testId="a41fc128-10d1-7e52-5249-cb72014adcb1" testName="Schema3Upgrade_RejectsMissingMetadataAndIdentityMismatchWithoutRepair" computerName="autodl-container-b82240868e-6fff412e" duration="00:00:00.0002420" startTime="2026-09-15T16:51:54.7132360+08:00" endTime="2026-09-15T16:51:54.7134784+08:00" testType="13cdc9d9-ddb5-4fa4-a97d-d965ccfc6d4b" outcome="Passed" testListId="8c84fa94-04c1-424b-9868-57a2d4851a1d" relativeResultsDirectory="2cec3b42-9ab3-421b-89e3-b773b411f9fe" />
    <UnitTestResult executionId="95c91cd0-53b1-4b4c-b06b-131ab3ec23db" testId="65fa8d0d-d29c-32e8-e3ad-942ef3ce1e0f" testName="PairedBootstrap_PreservesCommonBlockDriftAndUsesLogRatio" computerName="autodl-container-b82240868e-6fff412e" duration="00:00:00.0028480" startTime="2026-09-15T16:51:54.6857929+08:00" endTime="2026-09-15T16:51:54.6886410+08:00" testType="13cdc9d9-ddb5-4fa4-a97d-d965ccfc6d4b" outcome="Passed" testListId="8c84fa94-04c1-424b-9868-57a2d4851a1d" relativeResultsDirectory="95c91cd0-53b1-4b4c-b06b-131ab3ec23db" />
    <UnitTestResult executionId="c87ec949-b535-4b8c-8019-481dcf650d29" testId="c857306f-9c97-1b24-5448-fdb162f4b21a" testName="Schema3Upgrade_RejectsUnsupportedSampleAndPolicySchemas" computerName="autodl-container-b82240868e-6fff412e" duration="00:00:00.0002630" startTime="2026-09-15T16:51:54.7134907+08:00" endTime="2026-09-15T16:51:54.7137532+08:00" testType="13cdc9d9-ddb5-4fa4-a97d-d965ccfc6d4b" outcome="Passed" testListId="8c84fa94-04c1-424b-9868-57a2d4851a1d" relativeResultsDirectory="c87ec949-b535-4b8c-8019-481dcf650d29" />
    <UnitTestResult executionId="e657a001-603c-4d3f-b7ac-1fabfc4ef59e" testId="e2972bc8-a4b1-5f8b-02a3-6a8f5899b7d3" testName="NumericZeroWithoutRequiredCoverageCannotBeEligible(WorkerThreadsManaged)" computerName="autodl-container-b82240868e-6fff412e" duration="00:00:00.0001630" startTime="2026-09-15T16:51:54.6630756+08:00" endTime="2026-09-15T16:51:54.6632387+08:00" testType="13cdc9d9-ddb5-4fa4-a97d-d965ccfc6d4b" outcome="Passed" testListId="8c84fa94-04c1-424b-9868-57a2d4851a1d" relativeResultsDirectory="e657a001-603c-4d3f-b7ac-1fabfc4ef59e" />
    <UnitTestResult executionId="da9d6f58-6b02-4b56-b4ad-cb206b18b3ab" testId="7e6ec357-327e-ec6b-b871-5471f7203030" testName="ShiftedPairIdentitiesAreRejected" computerName="autodl-container-b82240868e-6fff412e" duration="00:00:00.0002000" startTime="2026-09-15T16:51:54.7423965+08:00" endTime="2026-09-15T16:51:54.7425968+08:00" testType="13cdc9d9-ddb5-4fa4-a97d-d965ccfc6d4b" outcome="Passed" testListId="8c84fa94-04c1-424b-9868-57a2d4851a1d" relativeResultsDirectory="da9d6f58-6b02-4b56-b4ad-cb206b18b3ab" />
    <UnitTestResult executionId="61d39d6a-a7a9-4978-9f7d-c98060e6d3fc" testId="59f02d90-459c-b545-94f9-00956f89e30e" testName="LifecycleRejectsMissingEnclosureDuplicateAndMixedSource" computerName="autodl-container-b82240868e-6fff412e" duration="00:00:00.0002950" startTime="2026-09-15T16:51:54.6585543+08:00" endTime="2026-09-15T16:51:54.6588492+08:00" testType="13cdc9d9-ddb5-4fa4-a97d-d965ccfc6d4b" outcome="Passed" testListId="8c84fa94-04c1-424b-9868-57a2d4851a1d" relativeResultsDirectory="61d39d6a-a7a9-4978-9f7d-c98060e6d3fc" />
    <UnitTestResult executionId="5f0c74f3-73d7-4d64-b0cd-0bf1c5754751" testId="bd739dab-9849-e6da-4632-ac871ef0d305" testName="MissingCorruptUnsupportedAndUnavailableProfilesFallBackToTunedAoS" computerName="autodl-container-b82240868e-6fff412e" duration="00:00:00.0008170" startTime="2026-09-15T16:51:54.6304624+08:00" endTime="2026-09-15T16:51:54.6312790+08:00" testType="13cdc9d9-ddb5-4fa4-a97d-d965ccfc6d4b" outcome="Passed" testListId="8c84fa94-04c1-424b-9868-57a2d4851a1d" relativeResultsDirectory="5f0c74f3-73d7-4d64-b0cd-0bf1c5754751" />
    <UnitTestResult executionId="c1c3a3e7-2c81-4e8f-8711-f58d4baf5eb9" testId="71c74a6c-2143-8b1f-8b71-5fbffb136575" testName="Schema3Upgrade_BindsHoldoutToFrozenCalibrationWinner" computerName="autodl-container-b82240868e-6fff412e" duration="00:00:00.0008800" startTime="2026-09-15T16:51:54.7118195+08:00" endTime="2026-09-15T16:51:54.7126995+08:00" testType="13cdc9d9-ddb5-4fa4-a97d-d965ccfc6d4b" outcome="Passed" testListId="8c84fa94-04c1-424b-9868-57a2d4851a1d" relativeResultsDirectory="c1c3a3e7-2c81-4e8f-8711-f58d4baf5eb9" />
    <UnitTestResult executionId="ae0fb31b-601e-4ca0-bec4-9c3af0c904ba" testId="8782315d-455f-fcab-a3af-3b804a932acf" testName="CodecRejectsChecksummedAndDecisionHashedNonOptimizedNonBaselineProfile(Regression)" computerName="autodl-container-b82240868e-6fff412e" duration="00:00:00.0003370" startTime="2026-09-15T16:51:54.6170713+08:00" endTime="2026-09-15T16:51:54.6174081+08:00" testType="13cdc9d9-ddb5-4fa4-a97d-d965ccfc6d4b" outcome="Passed" testListId="8c84fa94-04c1-424b-9868-57a2d4851a1d" relativeResultsDirectory="ae0fb31b-601e-4ca0-bec4-9c3af0c904ba" />
    <UnitTestResult executionId="2650f0a6-df03-4069-a1b9-190f9937d968" testId="267517d1-df30-4a09-c53d-a0832220456d" testName="TiesRegressionAndTinyGainKeepFixedBaseline(101)" computerName="autodl-container-b82240868e-6fff412e" duration="00:00:00.0001880" startTime="2026-09-15T16:51:54.7428899+08:00" endTime="2026-09-15T16:51:54.7430775+08:00" testType="13cdc9d9-ddb5-4fa4-a97d-d965ccfc6d4b" outcome="Passed" testListId="8c84fa94-04c1-424b-9868-57a2d4851a1d" relativeResultsDirectory="2650f0a6-df03-4069-a1b9-190f9937d968" />
    <UnitTestResult executionId="015ebad1-64c5-4120-a12d-4b9e9b2df399" testId="3142f6b7-7671-ec61-1fc3-94023e132ddf" testName="AdapterExplicitTunedBaselinePreservesOtherAoSDefinitionHashes" computerName="autodl-container-b82240868e-6fff412e" duration="00:00:00.0007970" startTime="2026-09-15T16:51:54.7260148+08:00" endTime="2026-09-15T16:51:54.7268118+08:00" testType="13cdc9d9-ddb5-4fa4-a97d-d965ccfc6d4b" outcome="Passed" testListId="8c84fa94-04c1-424b-9868-57a2d4851a1d" relativeResultsDirectory="015ebad1-64c5-4120-a12d-4b9e9b2df399" />
    <UnitTestResult executionId="751aa73c-9f6c-4ee6-96bf-6468cd22cd1b" testId="0ed40a05-e57c-b5c7-9d33-8e94b449ec0b" testName="FingerprintIsDeterministicAndCandidateOrderIndependent" computerName="autodl-container-b82240868e-6fff412e" duration="00:00:00.0005150" startTime="2026-09-15T16:51:54.6294939+08:00" endTime="2026-09-15T16:51:54.6300091+08:00" testType="13cdc9d9-ddb5-4fa4-a97d-d965ccfc6d4b" outcome="Passed" testListId="8c84fa94-04c1-424b-9868-57a2d4851a1d" relativeResultsDirectory="751aa73c-9f6c-4ee6-96bf-6468cd22cd1b" />
    <UnitTestResult executionId="fbec39ee-95fc-441c-b9b5-6983e22e8829" testId="170a56f9-2386-592d-ce06-82799287c30e" testName="SourceInputAndBoundaryMixingAreRejected" computerName="autodl-container-b82240868e-6fff412e" duration="00:00:00.0001940" startTime="2026-09-15T16:51:54.7426040+08:00" endTime="2026-09-15T16:51:54.7427976+08:00" testType="13cdc9d9-ddb5-4fa4-a97d-d965ccfc6d4b" outcome="Passed" testListId="8c84fa94-04c1-424b-9868-57a2d4851a1d" relativeResultsDirectory="fbec39ee-95fc-441c-b9b5-6983e22e8829" />
    <UnitTestResult executionId="814fc6c8-76ae-4fd7-85a1-15bce96ad65d" testId="2114f912-3414-0626-79cd-4844d1010b4a" testName="AdapterEnvelopeInterval_EqualsScientificLogRatioInterval" computerName="autodl-container-b82240868e-6fff412e" duration="00:00:00.0020320" startTime="2026-09-15T16:51:54.7239654+08:00" endTime="2026-09-15T16:51:54.7259975+08:00" testType="13cdc9d9-ddb5-4fa4-a97d-d965ccfc6d4b" outcome="Passed" testListId="8c84fa94-04c1-424b-9868-57a2d4851a1d" relativeResultsDirectory="814fc6c8-76ae-4fd7-85a1-15bce96ad65d" />
    <UnitTestResult executionId="3b26b3ab-bc45-4981-a1d2-8724d2f7f0a6" testId="6d11a230-db1e-c76a-bb14-29795fdf68aa" testName="PermutationDoesNotChangeAlignedDecision" computerName="autodl-container-b82240868e-6fff412e" duration="00:00:00.0021870" startTime="2026-09-15T16:51:54.7393418+08:00" endTime="2026-09-15T16:51:54.7415288+08:00" testType="13cdc9d9-ddb5-4fa4-a97d-d965ccfc6d4b" outcome="Passed" testListId="8c84fa94-04c1-424b-9868-57a2d4851a1d" relativeResultsDirectory="3b26b3ab-bc45-4981-a1d2-8724d2f7f0a6" />
    <UnitTestResult executionId="ace79bfd-c03b-483e-8668-7371660d6ff6" testId="b8cd199e-ce07-fa05-a5b5-a46f4b94cd47" testName="Schema1ProfileMigratesInMemoryWithoutChangingRawSuiteOrDecision" computerName="autodl-container-b82240868e-6fff412e" duration="00:00:00.0042320" startTime="2026-09-15T16:51:54.6372118+08:00" endTime="2026-09-15T16:51:54.6414431+08:00" testType="13cdc9d9-ddb5-4fa4-a97d-d965ccfc6d4b" outcome="Passed" testListId="8c84fa94-04c1-424b-9868-57a2d4851a1d" relativeResultsDirectory="ace79bfd-c03b-483e-8668-7371660d6ff6" />
    <UnitTestResult executionId="a928ad03-06a8-4871-8183-2c3e7fe1c2c6" testId="873b3e9d-ce5e-b0fa-b068-f0caa5b535f0" testName="PairedBootstrap_RejectsMissingCurrentSampleMetadata" computerName="autodl-container-b82240868e-6fff412e" duration="00:00:00.0002200" startTime="2026-09-15T16:51:54.6889143+08:00" endTime="2026-09-15T16:51:54.6891339+08:00" testType="13cdc9d9-ddb5-4fa4-a97d-d965ccfc6d4b" outcome="Passed" testListId="8c84fa94-04c1-424b-9868-57a2d4851a1d" relativeResultsDirectory="a928ad03-06a8-4871-8183-2c3e7fe1c2c6" />
    <UnitTestResult executionId="c7ceeaeb-b455-49ed-9fbe-bdc13965d460" testId="d1e0a003-b79f-9645-7531-1f8d8a6b8da0" testName="CriticalFingerprintChangesInvalidateAndFallBackToTunedAoS(&quot;backend&quot;,ScriptingBackend)" computerName="autodl-container-b82240868e-6fff412e" duration="00:00:00.0002080" startTime="2026-09-15T16:51:54.6223746+08:00" endTime="2026-09-15T16:51:54.6225823+08:00" testType="13cdc9d9-ddb5-4fa4-a97d-d965ccfc6d4b" outcome="Passed" testListId="8c84fa94-04c1-424b-9868-57a2d4851a1d" relativeResultsDirectory="c7ceeaeb-b455-49ed-9fbe-bdc13965d460" />
    <UnitTestResult executionId="1b6a7467-e2eb-4e4d-bac3-ceec40fc9f9e" testId="c12169e1-e855-ea4c-13b8-863ac24fe3b8" testName="NonOptimizedFactoryRequiresBaselineAndResolverKeepsBaseline(Regression)" computerName="autodl-container-b82240868e-6fff412e" duration="00:00:00.0005190" startTime="2026-09-15T16:51:54.6340574+08:00" endTime="2026-09-15T16:51:54.6345762+08:00" testType="13cdc9d9-ddb5-4fa4-a97d-d965ccfc6d4b" outcome="Passed" testListId="8c84fa94-04c1-424b-9868-57a2d4851a1d" relativeResultsDirectory="1b6a7467-e2eb-4e4d-bac3-ceec40fc9f9e" />
    <UnitTestResult executionId="09b4716c-9722-453f-afb1-ffb37e19fa60" testId="1abcb072-7971-68a7-daad-336326076422" testName="CriticalFingerprintChangesInvalidateAndFallBackToTunedAoS(&quot;worker&quot;,JobWorkerCount)" computerName="autodl-container-b82240868e-6fff412e" duration="00:00:00.0002350" startTime="2026-09-15T16:51:54.6227940+08:00" endTime="2026-09-15T16:51:54.6230295+08:00" testType="13cdc9d9-ddb5-4fa4-a97d-d965ccfc6d4b" outcome="Passed" testListId="8c84fa94-04c1-424b-9868-57a2d4851a1d" relativeResultsDirectory="09b4716c-9722-453f-afb1-ffb37e19fa60" />
    <UnitTestResult executionId="3dd96507-ab1f-4a1a-b5ad-4ac388518a3a" testId="53e10ebe-0de2-d0d7-48b5-c8c9b447c022" testName="Schema3Upgrade_RequiresCompleteSamplingDesignDeclarations" computerName="autodl-container-b82240868e-6fff412e" duration="00:00:00.0002420" startTime="2026-09-15T16:51:54.7137648+08:00" endTime="2026-09-15T16:51:54.7140071+08:00" testType="13cdc9d9-ddb5-4fa4-a97d-d965ccfc6d4b" outcome="Passed" testListId="8c84fa94-04c1-424b-9868-57a2d4851a1d" relativeResultsDirectory="3dd96507-ab1f-4a1a-b5ad-4ac388518a3a" />
    <UnitTestResult executionId="338f70e1-0dc0-4e90-81ff-1e2326ab4389" testId="605a7328-202c-35ec-cc5b-e9ae3317afc5" testName="NumericZeroWithoutRequiredCoverageCannotBeEligible(None)" computerName="autodl-container-b82240868e-6fff412e" duration="00:00:00.0000510" startTime="2026-09-15T16:51:54.6630207+08:00" endTime="2026-09-15T16:51:54.6630718+08:00" testType="13cdc9d9-ddb5-4fa4-a97d-d965ccfc6d4b" outcome="Passed" testListId="8c84fa94-04c1-424b-9868-57a2d4851a1d" relativeResultsDirectory="338f70e1-0dc0-4e90-81ff-1e2326ab4389" />
    <UnitTestResult executionId="147f40fc-10cc-43fa-bc4d-926d48cdc853" testId="7f3957c3-d8ac-53f3-8126-5b34c2e57781" testName="PositiveControl_ZeroForOneMiBIsUnavailable" computerName="autodl-container-b82240868e-6fff412e" duration="00:00:00.0002400" startTime="2026-09-15T16:51:54.6659128+08:00" endTime="2026-09-15T16:51:54.6661527+08:00" testType="13cdc9d9-ddb5-4fa4-a97d-d965ccfc6d4b" outcome="Passed" testListId="8c84fa94-04c1-424b-9868-57a2d4851a1d" relativeResultsDirectory="147f40fc-10cc-43fa-bc4d-926d48cdc853" />
    <UnitTestResult executionId="5c8a299a-3eb8-4add-9b50-841e85a39a1a" testId="03465aea-dc64-73eb-d5aa-7f118b87f310" testName="LegacyDescriptor_NormalizesPoliciesWithoutChangingCanonicalId" computerName="autodl-container-b82240868e-6fff412e" duration="00:00:00.0001640" startTime="2026-09-15T16:51:54.6856163+08:00" endTime="2026-09-15T16:51:54.6857806+08:00" testType="13cdc9d9-ddb5-4fa4-a97d-d965ccfc6d4b" outcome="Passed" testListId="8c84fa94-04c1-424b-9868-57a2d4851a1d" relativeResultsDirectory="5c8a299a-3eb8-4add-9b50-841e85a39a1a" />
    <UnitTestResult executionId="dd7ef22a-edac-4b68-ac03-9b9bd1a956b9" testId="a7e9fa0e-1b46-2ae9-f43c-bcacb82bddf8" testName="RechecksRawSuiteIntegrityAfterDocumentChecksumPasses" computerName="autodl-container-b82240868e-6fff412e" duration="00:00:00.0004800" startTime="2026-09-15T16:51:54.6361765+08:00" endTime="2026-09-15T16:51:54.6366567+08:00" testType="13cdc9d9-ddb5-4fa4-a97d-d965ccfc6d4b" outcome="Passed" testListId="8c84fa94-04c1-424b-9868-57a2d4851a1d" relativeResultsDirectory="dd7ef22a-edac-4b68-ac03-9b9bd1a956b9" />
    <UnitTestResult executionId="becbc15e-3992-4860-9681-d706055b8bfc" testId="56086165-7b19-c810-fbc1-3d4df017a8d4" testName="NumericZeroWithoutRequiredCoverageCannotBeEligible(8)" computerName="autodl-container-b82240868e-6fff412e" duration="00:00:00.0000160" startTime="2026-09-15T16:51:54.6632623+08:00" endTime="2026-09-15T16:51:54.6632788+08:00" testType="13cdc9d9-ddb5-4fa4-a97d-d965ccfc6d4b" outcome="Passed" testListId="8c84fa94-04c1-424b-9868-57a2d4851a1d" relativeResultsDirectory="becbc15e-3992-4860-9681-d706055b8bfc" />
    <UnitTestResult executionId="2330413b-5a68-44e8-9a95-047f2e1fce87" testId="6413cbb7-9b62-7038-e215-6840072f98eb" testName="OwnedLifecycleIncludesConstructionAndDisposalInCompleteWindow" computerName="autodl-container-b82240868e-6fff412e" duration="00:00:00.0013810" startTime="2026-09-15T16:51:54.6632918+08:00" endTime="2026-09-15T16:51:54.6646730+08:00" testType="13cdc9d9-ddb5-4fa4-a97d-d965ccfc6d4b" outcome="Passed" testListId="8c84fa94-04c1-424b-9868-57a2d4851a1d" relativeResultsDirectory="2330413b-5a68-44e8-9a95-047f2e1fce87" />
    <UnitTestResult executionId="1b25efcf-631e-433b-8fa3-c914ab25b1d1" testId="c36d792c-1028-f8ab-725d-5ea51ca66594" testName="PairedBootstrap_RejectsUnsupportedSampleSchema" computerName="autodl-container-b82240868e-6fff412e" duration="00:00:00.0001590" startTime="2026-09-15T16:51:54.6891414+08:00" endTime="2026-09-15T16:51:54.6893003+08:00" testType="13cdc9d9-ddb5-4fa4-a97d-d965ccfc6d4b" outcome="Passed" testListId="8c84fa94-04c1-424b-9868-57a2d4851a1d" relativeResultsDirectory="1b25efcf-631e-433b-8fa3-c914ab25b1d1" />
    <UnitTestResult executionId="5ec75efc-2f3d-439e-98fa-f9912650a2e9" testId="281e692a-c1a1-aa3d-304e-896cf9feaedd" testName="RejectedCandidateGainIsNotAttributedToBaselineRecommendation" computerName="autodl-container-b82240868e-6fff412e" duration="00:00:00.0006470" startTime="2026-09-15T16:51:54.7415540+08:00" endTime="2026-09-15T16:51:54.7422011+08:00" testType="13cdc9d9-ddb5-4fa4-a97d-d965ccfc6d4b" outcome="Passed" testListId="8c84fa94-04c1-424b-9868-57a2d4851a1d" relativeResultsDirectory="5ec75efc-2f3d-439e-98fa-f9912650a2e9" />
    <UnitTestResult executionId="32ef9c34-0bc4-40a1-9b10-d53e5903d042" testId="daa85559-acbe-dd34-2acb-c13990c33d12" testName="Schema3Upgrade_IsValidationOnly" computerName="autodl-container-b82240868e-6fff412e" duration="00:00:00.0002320" startTime="2026-09-15T16:51:54.7127130+08:00" endTime="2026-09-15T16:51:54.7129450+08:00" testType="13cdc9d9-ddb5-4fa4-a97d-d965ccfc6d4b" outcome="Passed" testListId="8c84fa94-04c1-424b-9868-57a2d4851a1d" relativeResultsDirectory="32ef9c34-0bc4-40a1-9b10-d53e5903d042" />
    <UnitTestResult executionId="ca252533-9b07-48b6-bb2d-7ed9f3dcd2c0" testId="bc821720-c1a8-1592-8b7e-8cfa5d69a1f0" testName="MissingParityProfilerAndSyntheticEvidenceAreRejected" computerName="autodl-container-b82240868e-6fff412e" duration="00:00:00.0003250" startTime="2026-09-15T16:51:54.7390052+08:00" endTime="2026-09-15T16:51:54.7393301+08:00" testType="13cdc9d9-ddb5-4fa4-a97d-d965ccfc6d4b" outcome="Passed" testListId="8c84fa94-04c1-424b-9868-57a2d4851a1d" relativeResultsDirectory="ca252533-9b07-48b6-bb2d-7ed9f3dcd2c0" />
    <UnitTestResult executionId="554bf623-92a0-4eca-a827-35b933bf32b2" testId="311c5c75-4fdd-f295-7eb6-d738240d087e" testName="CodecRejectsChecksummedAndDecisionHashedNonOptimizedNonBaselineProfile(Invalid)" computerName="autodl-container-b82240868e-6fff412e" duration="00:00:00.0003010" startTime="2026-09-15T16:51:54.6174163+08:00" endTime="2026-09-15T16:51:54.6177169+08:00" testType="13cdc9d9-ddb5-4fa4-a97d-d965ccfc6d4b" outcome="Passed" testListId="8c84fa94-04c1-424b-9868-57a2d4851a1d" relativeResultsDirectory="554bf623-92a0-4eca-a827-35b933bf32b2" />
    <UnitTestResult executionId="685b859e-017c-4d8c-9dbf-f1c765b5f0b8" testId="cd4ec1eb-6b00-4abf-885e-7757a17d5216" testName="TiesRegressionAndTinyGainKeepFixedBaseline(99)" computerName="autodl-container-b82240868e-6fff412e" duration="00:00:00.0003800" startTime="2026-09-15T16:51:54.7430844+08:00" endTime="2026-09-15T16:51:54.7434639+08:00" testType="13cdc9d9-ddb5-4fa4-a97d-d965ccfc6d4b" outcome="Passed" testListId="8c84fa94-04c1-424b-9868-57a2d4851a1d" relativeResultsDirectory="685b859e-017c-4d8c-9dbf-f1c765b5f0b8" />
    <UnitTestResult executionId="34056b4a-e3f7-4ba7-add1-8f46af3509df" testId="8c34db5c-8d41-627b-472c-e1e75cad950b" testName="ConfirmationUsesOnlyFrozenCandidateAndIndependentInput" computerName="autodl-container-b82240868e-6fff412e" duration="00:00:00.0087140" startTime="2026-09-15T16:51:54.7293138+08:00" endTime="2026-09-15T16:51:54.7380277+08:00" testType="13cdc9d9-ddb5-4fa4-a97d-d965ccfc6d4b" outcome="Passed" testListId="8c84fa94-04c1-424b-9868-57a2d4851a1d" relativeResultsDirectory="34056b4a-e3f7-4ba7-add1-8f46af3509df" />
    <UnitTestResult executionId="e5e33ab7-b23a-460c-9f20-aa8df46f418c" testId="d2aed6b7-90b0-d67f-a6ef-2a7b1240f443" testName="CandidateSetHash_IsOrderIndependentAndRejectsDuplicateIdentity" computerName="autodl-container-b82240868e-6fff412e" duration="00:00:00.0003400" startTime="2026-09-15T16:51:54.7274243+08:00" endTime="2026-09-15T16:51:54.7277643+08:00" testType="13cdc9d9-ddb5-4fa4-a97d-d965ccfc6d4b" outcome="Passed" testListId="8c84fa94-04c1-424b-9868-57a2d4851a1d" relativeResultsDirectory="e5e33ab7-b23a-460c-9f20-aa8df46f418c" />
    <UnitTestResult executionId="a5ae1525-c85d-4efb-9cf6-b56297e78c5a" testId="478ac0c9-ad3f-1fa1-eaaa-e418c8b4ae4e" testName="FingerprintRejectsMissingBuildFlagsOrInstructionSet" computerName="autodl-container-b82240868e-6fff412e" duration="00:00:00.0004230" startTime="2026-09-15T16:51:54.6300260+08:00" endTime="2026-09-15T16:51:54.6304490+08:00" testType="13cdc9d9-ddb5-4fa4-a97d-d965ccfc6d4b" outcome="Passed" testListId="8c84fa94-04c1-424b-9868-57a2d4851a1d" relativeResultsDirectory="a5ae1525-c85d-4efb-9cf6-b56297e78c5a" />
    <UnitTestResult executionId="817b6984-9d0b-4f74-aebf-75fbe882b4da" testId="08f2a995-0258-d640-0e3b-21fe66bce134" testName="Schema2Migration_RejectsWrongMetadataInsteadOfOverwritingIt" computerName="autodl-container-b82240868e-6fff412e" duration="00:00:00.0003820" startTime="2026-09-15T16:51:54.7114266+08:00" endTime="2026-09-15T16:51:54.7118083+08:00" testType="13cdc9d9-ddb5-4fa4-a97d-d965ccfc6d4b" outcome="Passed" testListId="8c84fa94-04c1-424b-9868-57a2d4851a1d" relativeResultsDirectory="817b6984-9d0b-4f74-aebf-75fbe882b4da" />
    <UnitTestResult executionId="c810b037-8b24-4db1-ba41-fa63b59d34ac" testId="236fb053-8425-8340-6e5e-ebf20bc9819d" testName="CriticalFingerprintChangesInvalidateAndFallBackToTunedAoS(&quot;compiler&quot;,BurstVersion)" computerName="autodl-container-b82240868e-6fff412e" duration="00:00:00.0005990" startTime="2026-09-15T16:51:54.6217587+08:00" endTime="2026-09-15T16:51:54.6223579+08:00" testType="13cdc9d9-ddb5-4fa4-a97d-d965ccfc6d4b" outcome="Passed" testListId="8c84fa94-04c1-424b-9868-57a2d4851a1d" relativeResultsDirectory="c810b037-8b24-4db1-ba41-fa63b59d34ac" />
    <UnitTestResult executionId="cf6f963e-ffc5-4299-80f3-8054d0da49f8" testId="9792b584-2d1f-f395-9148-72e7dc62cf84" testName="CalibrationSettingsBindOnlyIntactSourceContext" computerName="autodl-container-b82240868e-6fff412e" duration="00:00:00.0294060" startTime="2026-09-15T16:51:54.5749636+08:00" endTime="2026-09-15T16:51:54.6042816+08:00" testType="13cdc9d9-ddb5-4fa4-a97d-d965ccfc6d4b" outcome="Passed" testListId="8c84fa94-04c1-424b-9868-57a2d4851a1d" relativeResultsDirectory="cf6f963e-ffc5-4299-80f3-8054d0da49f8" />
    <UnitTestResult executionId="52740240-80d0-4f08-8ef2-f950203cd6fb" testId="089b48e0-4774-1d92-74d3-6b9378a18be2" testName="FrozenHoldoutStatesAreDistinct(12,Regression)" computerName="autodl-container-b82240868e-6fff412e" duration="00:00:00.0005700" startTime="2026-09-15T16:51:54.6535845+08:00" endTime="2026-09-15T16:51:54.6541547+08:00" testType="13cdc9d9-ddb5-4fa4-a97d-d965ccfc6d4b" outcome="Passed" testListId="8c84fa94-04c1-424b-9868-57a2d4851a1d" relativeResultsDirectory="52740240-80d0-4f08-8ef2-f950203cd6fb" />
    <UnitTestResult executionId="f4e370ba-866f-4538-ba28-d4f315ae525b" testId="6bc4c658-436f-e832-5733-2afb03ac5093" testName="PerTickP95IsNotBlockMeanP95OrComponentScore" computerName="autodl-container-b82240868e-6fff412e" duration="00:00:00.0001510" startTime="2026-09-15T16:51:54.6649676+08:00" endTime="2026-09-15T16:51:54.6651190+08:00" testType="13cdc9d9-ddb5-4fa4-a97d-d965ccfc6d4b" outcome="Passed" testListId="8c84fa94-04c1-424b-9868-57a2d4851a1d" relativeResultsDirectory="f4e370ba-866f-4538-ba28-d4f315ae525b" />
    <UnitTestResult executionId="ec1b91e4-53b9-47a7-902f-dd36060b2f29" testId="110c8b5b-e8e4-f0e0-cc62-cb9c31f066a5" testName="FileStoreHandlesMissingSaveReplacementAndCorruption" computerName="autodl-container-b82240868e-6fff412e" duration="00:00:00.0061510" startTime="2026-09-15T16:51:54.6233155+08:00" endTime="2026-09-15T16:51:54.6294661+08:00" testType="13cdc9d9-ddb5-4fa4-a97d-d965ccfc6d4b" outcome="Passed" testListId="8c84fa94-04c1-424b-9868-57a2d4851a1d" relativeResultsDirectory="ec1b91e4-53b9-47a7-902f-dd36060b2f29" />
    <UnitTestResult executionId="5483bb1e-1b66-498b-a18e-2a431158a41a" testId="f7964d01-159c-08c2-80dd-77c20e73c488" testName="LifetimeUnknownForMissingCostsSourcesProcessesAndZeroSaving" computerName="autodl-container-b82240868e-6fff412e" duration="00:00:00.0002170" startTime="2026-09-15T16:51:54.6626778+08:00" endTime="2026-09-15T16:51:54.6628950+08:00" testType="13cdc9d9-ddb5-4fa4-a97d-d965ccfc6d4b" outcome="Passed" testListId="8c84fa94-04c1-424b-9868-57a2d4851a1d" relativeResultsDirectory="5483bb1e-1b66-498b-a18e-2a431158a41a" />
    <UnitTestResult executionId="c0e25617-7b0c-44d5-b9ed-1c744a6eabb4" testId="110b63bb-2174-700d-0ae3-7909ee0f1011" testName="HoldoutRegression_IsDistinctFromTieAndFallsBackToAoS" computerName="autodl-container-b82240868e-6fff412e" duration="00:00:00.0006840" startTime="2026-09-15T16:51:54.6849220+08:00" endTime="2026-09-15T16:51:54.6856055+08:00" testType="13cdc9d9-ddb5-4fa4-a97d-d965ccfc6d4b" outcome="Passed" testListId="8c84fa94-04c1-424b-9868-57a2d4851a1d" relativeResultsDirectory="c0e25617-7b0c-44d5-b9ed-1c744a6eabb4" />
    <UnitTestResult executionId="176655b8-ce99-43d2-9df3-238781df963e" testId="1852cbf3-4037-0775-ccaf-29a1fc3f0f5f" testName="NonOptimizedFactoryRequiresBaselineAndResolverKeepsBaseline(StatisticalTie)" computerName="autodl-container-b82240868e-6fff412e" duration="00:00:00.0008650" startTime="2026-09-15T16:51:54.6331748+08:00" endTime="2026-09-15T16:51:54.6340395+08:00" testType="13cdc9d9-ddb5-4fa4-a97d-d965ccfc6d4b" outcome="Passed" testListId="8c84fa94-04c1-424b-9868-57a2d4851a1d" relativeResultsDirectory="176655b8-ce99-43d2-9df3-238781df963e" />
    <UnitTestResult executionId="97ed1105-899b-4a86-8537-a7433cf4a944" testId="29490403-89e6-d33c-401d-2403de4bf578" testName="CandidateDefinitionHash_IgnoresDisplayNameAndBindsSemanticFields" computerName="autodl-container-b82240868e-6fff412e" duration="00:00:00.0005870" startTime="2026-09-15T16:51:54.7268251+08:00" endTime="2026-09-15T16:51:54.7274116+08:00" testType="13cdc9d9-ddb5-4fa4-a97d-d965ccfc6d4b" outcome="Passed" testListId="8c84fa94-04c1-424b-9868-57a2d4851a1d" relativeResultsDirectory="97ed1105-899b-4a86-8537-a7433cf4a944" />
    <UnitTestResult executionId="966e0534-9db7-4d34-8662-066bf7f1f6f6" testId="228cbbfb-232c-f1d6-2496-c2ab524fe634" testName="CodecRejectsChecksummedAndDecisionHashedNonOptimizedNonBaselineProfile(StatisticalTie)" computerName="autodl-container-b82240868e-6fff412e" duration="00:00:00.0006870" startTime="2026-09-15T16:51:54.6163657+08:00" endTime="2026-09-15T16:51:54.6170523+08:00" testType="13cdc9d9-ddb5-4fa4-a97d-d965ccfc6d4b" outcome="Passed" testListId="8c84fa94-04c1-424b-9868-57a2d4851a1d" relativeResultsDirectory="966e0534-9db7-4d34-8662-066bf7f1f6f6" />
    <UnitTestResult executionId="eee09db5-af0f-493c-894a-3b94672ff893" testId="51875103-1f5c-899a-f5d4-8cd09344b649" testName="CriticalFingerprintChangesInvalidateAndFallBackToTunedAoS(&quot;candidate&quot;,CandidateSet)" computerName="autodl-container-b82240868e-6fff412e" duration="00:00:00.0008000" startTime="2026-09-15T16:51:54.6209384+08:00" endTime="2026-09-15T16:51:54.6217383+08:00" testType="13cdc9d9-ddb5-4fa4-a97d-d965ccfc6d4b" outcome="Passed" testListId="8c84fa94-04c1-424b-9868-57a2d4851a1d" relativeResultsDirectory="eee09db5-af0f-493c-894a-3b94672ff893" />
    <UnitTestResult executionId="aae2abee-372a-454f-831b-6b542710f152" testId="711ee020-5d6d-082a-f693-c61438f89be2" testName="Schema3Upgrade_RejectsDecisionCandidateIdentityMismatch" computerName="autodl-container-b82240868e-6fff412e" duration="00:00:00.0002740" startTime="2026-09-15T16:51:54.7129537+08:00" endTime="2026-09-15T16:51:54.7132273+08:00" testType="13cdc9d9-ddb5-4fa4-a97d-d965ccfc6d4b" outcome="Passed" testListId="8c84fa94-04c1-424b-9868-57a2d4851a1d" relativeResultsDirectory="aae2abee-372a-454f-831b-6b542710f152" />
    <UnitTestResult executionId="fab6c7b6-6d12-47b9-8999-d30cb060830f" testId="7893adab-032f-c89f-0b19-997441976c5e" testName="BalancedLatinOrder_IsSeededDeterministicAndPositionBalanced" computerName="autodl-container-b82240868e-6fff412e" duration="00:00:00.0012359" startTime="2026-09-15T16:51:54.6683096+08:00" endTime="2026-09-15T16:51:54.6695459+08:00" testType="13cdc9d9-ddb5-4fa4-a97d-d965ccfc6d4b" outcome="Passed" testListId="8c84fa94-04c1-424b-9868-57a2d4851a1d" relativeResultsDirectory="fab6c7b6-6d12-47b9-8999-d30cb060830f" />
    <UnitTestResult executionId="32018ddf-d7cf-4d0a-aceb-e86d575cf064" testId="44cb5094-07ca-3237-da43-36616f2224c9" testName="FrozenHoldoutStatesAreDistinct(10,StatisticalTie)" computerName="autodl-container-b82240868e-6fff412e" duration="00:00:00.0008070" startTime="2026-09-15T16:51:54.6527604+08:00" endTime="2026-09-15T16:51:54.6535674+08:00" testType="13cdc9d9-ddb5-4fa4-a97d-d965ccfc6d4b" outcome="Passed" testListId="8c84fa94-04c1-424b-9868-57a2d4851a1d" relativeResultsDirectory="32018ddf-d7cf-4d0a-aceb-e86d575cf064" />
    <UnitTestResult executionId="e3c8c733-ccdc-4855-80a7-6a7f283cdbc1" testId="ed5d5d7a-e147-486f-ca00-ba6f06e6be48" testName="Schema2Migration_IsAdditiveAndMarksUnknownHistoricalOrder" computerName="autodl-container-b82240868e-6fff412e" duration="00:00:00.0056889" startTime="2026-09-15T16:51:54.7057219+08:00" endTime="2026-09-15T16:51:54.7114102+08:00" testType="13cdc9d9-ddb5-4fa4-a97d-d965ccfc6d4b" outcome="Passed" testListId="8c84fa94-04c1-424b-9868-57a2d4851a1d" relativeResultsDirectory="e3c8c733-ccdc-4855-80a7-6a7f283cdbc1" />
    <UnitTestResult executionId="a87df153-f2fb-435b-86bd-aff721249401" testId="2b557205-b950-837b-9228-697c423f5240" testName="SuiteUpgrade_RejectsNullAndUnsupportedNestedScenarios" computerName="autodl-container-b82240868e-6fff412e" duration="00:00:00.0005470" startTime="2026-09-15T16:51:54.7142945+08:00" endTime="2026-09-15T16:51:54.7148415+08:00" testType="13cdc9d9-ddb5-4fa4-a97d-d965ccfc6d4b" outcome="Passed" testListId="8c84fa94-04c1-424b-9868-57a2d4851a1d" relativeResultsDirectory="a87df153-f2fb-435b-86bd-aff721249401" />
    <UnitTestResult executionId="fae0d3ef-f253-4b5b-9ab9-44fe94fa298f" testId="ea3ac36f-1c24-3b06-8eb9-336a75760f23" testName="TiesRegressionAndTinyGainKeepFixedBaseline(100)" computerName="autodl-container-b82240868e-6fff412e" duration="00:00:00.0000680" startTime="2026-09-15T16:51:54.7428174+08:00" endTime="2026-09-15T16:51:54.7428854+08:00" testType="13cdc9d9-ddb5-4fa4-a97d-d965ccfc6d4b" outcome="Passed" testListId="8c84fa94-04c1-424b-9868-57a2d4851a1d" relativeResultsDirectory="fae0d3ef-f253-4b5b-9ab9-44fe94fa298f" />
    <UnitTestResult executionId="cd4ce303-2957-429f-aecb-d14a3e43369b" testId="77aaa429-9048-6450-1ef1-115b2f37cb13" testName="IndependentTaskImprovementIsTimingOnly" computerName="autodl-container-b82240868e-6fff412e" duration="00:00:00.0007800" startTime="2026-09-15T16:51:54.7382093+08:00" endTime="2026-09-15T16:51:54.7389894+08:00" testType="13cdc9d9-ddb5-4fa4-a97d-d965ccfc6d4b" outcome="Passed" testListId="8c84fa94-04c1-424b-9868-57a2d4851a1d" relativeResultsDirectory="cd4ce303-2957-429f-aecb-d14a3e43369b" />
    <UnitTestResult executionId="a57c9fa3-e374-4ca2-8f8b-8f93637a7e72" testId="c5776bab-090b-17b8-bfaf-164bf6f1d2d4" testName="RepeatedTicksWithinOneProcessAreRejected" computerName="autodl-container-b82240868e-6fff412e" duration="00:00:00.0001730" startTime="2026-09-15T16:51:54.7422161+08:00" endTime="2026-09-15T16:51:54.7423894+08:00" testType="13cdc9d9-ddb5-4fa4-a97d-d965ccfc6d4b" outcome="Passed" testListId="8c84fa94-04c1-424b-9868-57a2d4851a1d" relativeResultsDirectory="a57c9fa3-e374-4ca2-8f8b-8f93637a7e72" />
    <UnitTestResult executionId="72b9e74c-e374-4689-917d-d562b34d3645" testId="b9f2942e-7007-5cde-82e5-9c717ae68a4d" testName="HoldoutCannotEnterCalibrationPartition" computerName="autodl-container-b82240868e-6fff412e" duration="00:00:00.0001520" startTime="2026-09-15T16:51:54.7380502+08:00" endTime="2026-09-15T16:51:54.7382023+08:00" testType="13cdc9d9-ddb5-4fa4-a97d-d965ccfc6d4b" outcome="Passed" testListId="8c84fa94-04c1-424b-9868-57a2d4851a1d" relativeResultsDirectory="72b9e74c-e374-4689-917d-d562b34d3645" />
    <UnitTestResult executionId="b7abf016-9ea6-41fb-9c7e-79aa753a25cc" testId="ce9467b5-7fc5-ae76-92d2-f6685814ede9" testName="ProcessHierarchy_ResamplesProcessesAndBlocksOnOneDevice" computerName="autodl-container-b82240868e-6fff412e" duration="00:00:00.0118670" startTime="2026-09-15T16:51:54.6938382+08:00" endTime="2026-09-15T16:51:54.7057054+08:00" testType="13cdc9d9-ddb5-4fa4-a97d-d965ccfc6d4b" outcome="Passed" testListId="8c84fa94-04c1-424b-9868-57a2d4851a1d" relativeResultsDirectory="b7abf016-9ea6-41fb-9c7e-79aa753a25cc" />
    <UnitTestResult executionId="039233d5-9a8e-430a-8439-5f7b94e80296" testId="ca084c75-3449-315d-39ec-ad8c8539150f" testName="FactorizedDescriptor_PreservesCanonicalIdAndExplicitPolicies" computerName="autodl-container-b82240868e-6fff412e" duration="00:00:00.0009420" startTime="2026-09-15T16:51:54.6817173+08:00" endTime="2026-09-15T16:51:54.6826587+08:00" testType="13cdc9d9-ddb5-4fa4-a97d-d965ccfc6d4b" outcome="Passed" testListId="8c84fa94-04c1-424b-9868-57a2d4851a1d" relativeResultsDirectory="039233d5-9a8e-430a-8439-5f7b94e80296" />
    <UnitTestResult executionId="aad1f965-6f10-48b7-9fdf-c4d512cb3463" testId="c47b2702-9235-0905-d04a-279d9b3cb115" testName="Schema3Upgrade_RequiresNonEmptyCalibrationResultsWithMatchingPhaseAndCount" computerName="autodl-container-b82240868e-6fff412e" duration="00:00:00.0002740" startTime="2026-09-15T16:51:54.7140144+08:00" endTime="2026-09-15T16:51:54.7142881+08:00" testType="13cdc9d9-ddb5-4fa4-a97d-d965ccfc6d4b" outcome="Passed" testListId="8c84fa94-04c1-424b-9868-57a2d4851a1d" relativeResultsDirectory="aad1f965-6f10-48b7-9fdf-c4d512cb3463" />
    <UnitTestResult executionId="6ee0ca48-c26b-4dbf-93d5-ac7d8dc396cf" testId="11346f47-6077-9c21-9c2b-00158bafe9fd" testName="PairedBootstrap_RejectsMismatchedBlockIdentity" computerName="autodl-container-b82240868e-6fff412e" duration="00:00:00.0002520" startTime="2026-09-15T16:51:54.6886532+08:00" endTime="2026-09-15T16:51:54.6889053+08:00" testType="13cdc9d9-ddb5-4fa4-a97d-d965ccfc6d4b" outcome="Passed" testListId="8c84fa94-04c1-424b-9868-57a2d4851a1d" relativeResultsDirectory="6ee0ca48-c26b-4dbf-93d5-ac7d8dc396cf" />
    <UnitTestResult executionId="b97ee670-d12a-4694-922a-de7cd6461b27" testId="6f07570a-2c7f-bcfa-b3a0-b746bad64d89" testName="MissingAndIncompleteAllocationEvidenceFailClosed" computerName="autodl-container-b82240868e-6fff412e" duration="00:00:00.0000989" startTime="2026-09-15T16:51:54.6629033+08:00" endTime="2026-09-15T16:51:54.6630019+08:00" testType="13cdc9d9-ddb5-4fa4-a97d-d965ccfc6d4b" outcome="Passed" testListId="8c84fa94-04c1-424b-9868-57a2d4851a1d" relativeResultsDirectory="b97ee670-d12a-4694-922a-de7cd6461b27" />
    <UnitTestResult executionId="059c63e4-e4cd-458b-b8c6-7e5277218c75" testId="d3940bd1-3020-95a6-7eb4-4114ed66a1bc" testName="NumericZeroWithoutRequiredCoverageCannotBeEligible(Native)" computerName="autodl-container-b82240868e-6fff412e" duration="00:00:00.0000140" startTime="2026-09-15T16:51:54.6632456+08:00" endTime="2026-09-15T16:51:54.6632593+08:00" testType="13cdc9d9-ddb5-4fa4-a97d-d965ccfc6d4b" outcome="Passed" testListId="8c84fa94-04c1-424b-9868-57a2d4851a1d" relativeResultsDirectory="059c63e4-e4cd-458b-b8c6-7e5277218c75" />
    <UnitTestResult executionId="168a50d5-8429-4702-a1f3-2c3b8d558506" testId="3a0a93ad-6318-4164-65e5-d05e0de6ee7d" testName="UnbalancedPairsAreRejected" computerName="autodl-container-b82240868e-6fff412e" duration="00:00:00.0002030" startTime="2026-09-15T16:51:54.7434783+08:00" endTime="2026-09-15T16:51:54.7436809+08:00" testType="13cdc9d9-ddb5-4fa4-a97d-d965ccfc6d4b" outcome="Passed" testListId="8c84fa94-04c1-424b-9868-57a2d4851a1d" relativeResultsDirectory="168a50d5-8429-4702-a1f3-2c3b8d558506" />
    <UnitTestResult executionId="3458b042-c101-45ba-abf8-08efcc4ddbe9" testId="7ea4e749-825d-f73b-c0b1-b92d51f98c28" testName="TwoCandidateLatinOrder_FormsAbbaAcrossFirstTwoBlocks" computerName="autodl-container-b82240868e-6fff412e" duration="00:00:00.0000749" startTime="2026-09-15T16:51:54.7150747+08:00" endTime="2026-09-15T16:51:54.7151497+08:00" testType="13cdc9d9-ddb5-4fa4-a97d-d965ccfc6d4b" outcome="Passed" testListId="8c84fa94-04c1-424b-9868-57a2d4851a1d" relativeResultsDirectory="3458b042-c101-45ba-abf8-08efcc4ddbe9" />
    <UnitTestResult executionId="096455c0-dfdf-40e8-82c5-6528406ffe6a" testId="ad7f29c5-c4cb-8e78-090a-76b65f0ee4dd" testName="CompatibleMatchRequiresAnExplicitFingerprintPairAndEvidenceReference" computerName="autodl-container-b82240868e-6fff412e" duration="00:00:00.0015540" startTime="2026-09-15T16:51:54.6193382+08:00" endTime="2026-09-15T16:51:54.6208918+08:00" testType="13cdc9d9-ddb5-4fa4-a97d-d965ccfc6d4b" outcome="Passed" testListId="8c84fa94-04c1-424b-9868-57a2d4851a1d" relativeResultsDirectory="096455c0-dfdf-40e8-82c5-6528406ffe6a" />
    <UnitTestResult executionId="a0a1dd9f-3573-4315-bafc-dc28d12b4c4a" testId="333b5441-5c50-472f-2958-b8d3f11087fb" testName="CodecRejectsChecksummedAndDecisionHashedNonOptimizedNonBaselineProfile(Inconclusive)" computerName="autodl-container-b82240868e-6fff412e" duration="00:00:00.0101150" startTime="2026-09-15T16:51:54.6062030+08:00" endTime="2026-09-15T16:51:54.6163180+08:00" testType="13cdc9d9-ddb5-4fa4-a97d-d965ccfc6d4b" outcome="Passed" testListId="8c84fa94-04c1-424b-9868-57a2d4851a1d" relativeResultsDirectory="a0a1dd9f-3573-4315-bafc-dc28d12b4c4a" />
    <UnitTestResult executionId="49197030-6881-43e2-9b44-09fc938c853a" testId="2406a475-73d1-818d-c890-b3d34b8b6563" testName="VirtualClockCollectsWholeWindowAndTicksWithAssociation" computerName="autodl-container-b82240868e-6fff412e" duration="00:00:00.0007190" startTime="2026-09-15T16:51:54.6674799+08:00" endTime="2026-09-15T16:51:54.6681993+08:00" testType="13cdc9d9-ddb5-4fa4-a97d-d965ccfc6d4b" outcome="Passed" testListId="8c84fa94-04c1-424b-9868-57a2d4851a1d" relativeResultsDirectory="49197030-6881-43e2-9b44-09fc938c853a" />
    <UnitTestResult executionId="f6911390-d107-47f2-a8f0-14ac6421e80c" testId="bcc7f2dd-b54f-b18d-6d1b-4db6de66f83c" testName="NonOptimizedFactoryRequiresBaselineAndResolverKeepsBaseline(Invalid)" computerName="autodl-container-b82240868e-6fff412e" duration="00:00:00.0004450" startTime="2026-09-15T16:51:54.6345844+08:00" endTime="2026-09-15T16:51:54.6350297+08:00" testType="13cdc9d9-ddb5-4fa4-a97d-d965ccfc6d4b" outcome="Passed" testListId="8c84fa94-04c1-424b-9868-57a2d4851a1d" relativeResultsDirectory="f6911390-d107-47f2-a8f0-14ac6421e80c" />
    <UnitTestResult executionId="efbbe73c-0100-4966-9453-61526883a481" testId="906fabdb-f836-cc15-268e-13f1abfb89b5" testName="InterruptedCollectorCannotPublishZeroAsComplete" computerName="autodl-container-b82240868e-6fff412e" duration="00:00:00.0028900" startTime="2026-09-15T16:51:54.6556485+08:00" endTime="2026-09-15T16:51:54.6585380+08:00" testType="13cdc9d9-ddb5-4fa4-a97d-d965ccfc6d4b" outcome="Passed" testListId="8c84fa94-04c1-424b-9868-57a2d4851a1d" relativeResultsDirectory="efbbe73c-0100-4966-9453-61526883a481" />
    <UnitTestResult executionId="2f73387a-b877-4836-b3fb-048b3e0a172e" testId="6c3c9cd5-560e-acd3-0b3d-495b10e0ea45" testName="PairedBootstrap_WithSameSeed_IsBitwiseDeterministic" computerName="autodl-container-b82240868e-6fff412e" duration="00:00:00.0032590" startTime="2026-09-15T16:51:54.6893060+08:00" endTime="2026-09-15T16:51:54.6925649+08:00" testType="13cdc9d9-ddb5-4fa4-a97d-d965ccfc6d4b" outcome="Passed" testListId="8c84fa94-04c1-424b-9868-57a2d4851a1d" relativeResultsDirectory="2f73387a-b877-4836-b3fb-048b3e0a172e" />
    <UnitTestResult executionId="f8b772b3-0a9d-448e-a627-33b7fd74ad7f" testId="41e7d613-297a-6309-d33e-302d5e3dbf62" testName="CriticalFingerprintChangesInvalidateAndFallBackToTunedAoS(&quot;settings&quot;,CalibrationSettings)" computerName="autodl-container-b82240868e-6fff412e" duration="00:00:00.0002010" startTime="2026-09-15T16:51:54.6225885+08:00" endTime="2026-09-15T16:51:54.6227891+08:00" testType="13cdc9d9-ddb5-4fa4-a97d-d965ccfc6d4b" outcome="Passed" testListId="8c84fa94-04c1-424b-9868-57a2d4851a1d" relativeResultsDirectory="f8b772b3-0a9d-448e-a627-33b7fd74ad7f" />
    <UnitTestResult executionId="86f45a6e-91e0-405c-be40-ff42ed827978" testId="25e93565-b17d-6682-af46-9360ac78e782" testName="Schema3EnvelopeReference_BindsArtifactCandidateSetAndMeasurementSchema" computerName="autodl-container-b82240868e-6fff412e" duration="00:00:00.0009420" startTime="2026-09-15T16:51:54.7282830+08:00" endTime="2026-09-15T16:51:54.7292244+08:00" testType="13cdc9d9-ddb5-4fa4-a97d-d965ccfc6d4b" outcome="Passed" testListId="8c84fa94-04c1-424b-9868-57a2d4851a1d" relativeResultsDirectory="86f45a6e-91e0-405c-be40-ff42ed827978" />
    <UnitTestResult executionId="ddd49270-c598-4b54-8184-8e0e8c29d336" testId="9ee0ba89-d1aa-2ba6-1009-f5a5a228729f" testName="PositiveControl_InjectedBytesAndEmptyWindowAreValidated" computerName="autodl-container-b82240868e-6fff412e" duration="00:00:00.0007770" startTime="2026-09-15T16:51:54.6651248+08:00" endTime="2026-09-15T16:51:54.6659016+08:00" testType="13cdc9d9-ddb5-4fa4-a97d-d965ccfc6d4b" outcome="Passed" testListId="8c84fa94-04c1-424b-9868-57a2d4851a1d" relativeResultsDirectory="ddd49270-c598-4b54-8184-8e0e8c29d336" />
    <UnitTestResult executionId="ba08c5f1-111d-4a54-b972-ea5ec75b9b74" testId="dfe5483a-4a5d-c06f-4681-3f76bd75f327" testName="HoldoutAdapter_RequiresUnusedHoldoutPhaseAndPreservesPairing" computerName="autodl-container-b82240868e-6fff412e" duration="00:00:00.0004980" startTime="2026-09-15T16:51:54.7277753+08:00" endTime="2026-09-15T16:51:54.7282730+08:00" testType="13cdc9d9-ddb5-4fa4-a97d-d965ccfc6d4b" outcome="Passed" testListId="8c84fa94-04c1-424b-9868-57a2d4851a1d" relativeResultsDirectory="ba08c5f1-111d-4a54-b972-ea5ec75b9b74" />
    <UnitTestResult executionId="02507795-fd5a-40f1-a77a-880720d81f7b" testId="b327b6f6-5c8a-ff39-1bbc-3385d84b9896" testName="CalibrationTie_IsDistinctFromSubThresholdInconclusive" computerName="autodl-container-b82240868e-6fff412e" duration="00:00:00.0088910" startTime="2026-09-15T16:51:54.6719448+08:00" endTime="2026-09-15T16:51:54.6808358+08:00" testType="13cdc9d9-ddb5-4fa4-a97d-d965ccfc6d4b" outcome="Passed" testListId="8c84fa94-04c1-424b-9868-57a2d4851a1d" relativeResultsDirectory="02507795-fd5a-40f1-a77a-880720d81f7b" />
    <UnitTestResult executionId="9cbf4773-146f-4ccc-b8e4-0d4b4f694d5d" testId="3825f4e8-7cd5-b900-f4bb-79dd88a308d1" testName="DeserializedPolicyMetadata_FailsClosedWhenInternallyInconsistent" computerName="autodl-container-b82240868e-6fff412e" duration="00:00:00.0003360" startTime="2026-09-15T16:51:54.6813735+08:00" endTime="2026-09-15T16:51:54.6817094+08:00" testType="13cdc9d9-ddb5-4fa4-a97d-d965ccfc6d4b" outcome="Passed" testListId="8c84fa94-04c1-424b-9868-57a2d4851a1d" relativeResultsDirectory="9cbf4773-146f-4ccc-b8e4-0d4b4f694d5d" />
    <UnitTestResult executionId="4dc9a481-cf1f-4a09-8599-91ccdbde3339" testId="0816dacd-7717-2c34-25de-b6be91664f1e" testName="Counter_RejectsBackwardAndContaminatedEmptyWindows" computerName="autodl-container-b82240868e-6fff412e" duration="00:00:00.0010690" startTime="2026-09-15T16:51:54.6424823+08:00" endTime="2026-09-15T16:51:54.6435513+08:00" testType="13cdc9d9-ddb5-4fa4-a97d-d965ccfc6d4b" outcome="Passed" testListId="8c84fa94-04c1-424b-9868-57a2d4851a1d" relativeResultsDirectory="4dc9a481-cf1f-4a09-8599-91ccdbde3339" />
    <UnitTestResult executionId="6cffc6fd-1db3-4dab-8d94-16b43b8c0f8d" testId="e395b8e4-bba1-a369-35c5-acc484c621e9" testName="OptimizedExactFingerprintUsesFrozenNonBaselineDecisionWithoutReselection" computerName="autodl-container-b82240868e-6fff412e" duration="00:00:00.0011060" startTime="2026-09-15T16:51:54.6350517+08:00" endTime="2026-09-15T16:51:54.6361574+08:00" testType="13cdc9d9-ddb5-4fa4-a97d-d965ccfc6d4b" outcome="Passed" testListId="8c84fa94-04c1-424b-9868-57a2d4851a1d" relativeResultsDirectory="6cffc6fd-1db3-4dab-8d94-16b43b8c0f8d" />
    <UnitTestResult executionId="e5281386-31b3-421d-8462-5238481753ce" testId="4e3d9d8d-434a-1225-8ffc-71922954a607" testName="RecordSchemaMigrationCannotAuthorizeReuseImplicitly" computerName="autodl-container-b82240868e-6fff412e" duration="00:00:00.0005300" startTime="2026-09-15T16:51:54.6366684+08:00" endTime="2026-09-15T16:51:54.6371984+08:00" testType="13cdc9d9-ddb5-4fa4-a97d-d965ccfc6d4b" outcome="Passed" testListId="8c84fa94-04c1-424b-9868-57a2d4851a1d" relativeResultsDirectory="e5281386-31b3-421d-8462-5238481753ce" />
    <UnitTestResult executionId="856fb470-8f80-4863-bad2-561aee9da502" testId="0fd30090-b7bb-1d9f-2bcc-07aefebb0f60" testName="Adapter_PreservesExplicitContractInfeasibility" computerName="autodl-container-b82240868e-6fff412e" duration="00:00:00.0087230" startTime="2026-09-15T16:51:54.7152257+08:00" endTime="2026-09-15T16:51:54.7239487+08:00" testType="13cdc9d9-ddb5-4fa4-a97d-d965ccfc6d4b" outcome="Passed" testListId="8c84fa94-04c1-424b-9868-57a2d4851a1d" relativeResultsDirectory="856fb470-8f80-4863-bad2-561aee9da502" />
    <UnitTestResult executionId="d5512ca6-6844-4e3c-b5e0-cd13bb740110" testId="f58d6ccb-ef0e-f564-ea76-06ad39fba0ac" testName="CandidateDescriptor_RejectsUnsupportedPolicySchema" computerName="autodl-container-b82240868e-6fff412e" duration="00:00:00.0001530" startTime="2026-09-15T16:51:54.6812146+08:00" endTime="2026-09-15T16:51:54.6813674+08:00" testType="13cdc9d9-ddb5-4fa4-a97d-d965ccfc6d4b" outcome="Passed" testListId="8c84fa94-04c1-424b-9868-57a2d4851a1d" relativeResultsDirectory="d5512ca6-6844-4e3c-b5e0-cd13bb740110" />
    <UnitTestResult executionId="5f57d3f8-77f4-4322-8f77-05a8b157e731" testId="db24ebb3-ae91-f7f3-bb10-42ac49b42a26" testName="CalibrationNegativeInterval_CannotOptimizeFromContradictorySummary" computerName="autodl-container-b82240868e-6fff412e" duration="00:00:00.0023650" startTime="2026-09-15T16:51:54.6695629+08:00" endTime="2026-09-15T16:51:54.6719280+08:00" testType="13cdc9d9-ddb5-4fa4-a97d-d965ccfc6d4b" outcome="Passed" testListId="8c84fa94-04c1-424b-9868-57a2d4851a1d" relativeResultsDirectory="5f57d3f8-77f4-4322-8f77-05a8b157e731" />
    <UnitTestResult executionId="a85eeb2f-504e-466d-a258-493d031f5b81" testId="83d0328f-36ef-83de-c764-0ea41bf721f7" testName="CandidateDescriptor_RejectsSurroundingWhitespaceInProtocolIds" computerName="autodl-container-b82240868e-6fff412e" duration="00:00:00.0003550" startTime="2026-09-15T16:51:54.6808501+08:00" endTime="2026-09-15T16:51:54.6812047+08:00" testType="13cdc9d9-ddb5-4fa4-a97d-d965ccfc6d4b" outcome="Passed" testListId="8c84fa94-04c1-424b-9868-57a2d4851a1d" relativeResultsDirectory="a85eeb2f-504e-466d-a258-493d031f5b81" />
    <UnitTestResult executionId="f84e8909-2919-41b4-b194-b0663c252cbe" testId="2f46d9a4-3fa8-778c-27f6-2f6a71f13030" testName="LifetimeBreakEvenIncludesSetupAndPracticalThreshold" computerName="autodl-container-b82240868e-6fff412e" duration="00:00:00.0038020" startTime="2026-09-15T16:51:54.6588585+08:00" endTime="2026-09-15T16:51:54.6626605+08:00" testType="13cdc9d9-ddb5-4fa4-a97d-d965ccfc6d4b" outcome="Passed" testListId="8c84fa94-04c1-424b-9868-57a2d4851a1d" relativeResultsDirectory="f84e8909-2919-41b4-b194-b0663c252cbe" />
    <UnitTestResult executionId="1f65cd4b-f6e8-4308-a8b1-aef68221c548" testId="a4b82086-05f4-3d2b-2e9b-37cedc9c3c93" testName="ProcessHierarchy_RejectsMixedScenarioContractVersions" computerName="autodl-container-b82240868e-6fff412e" duration="00:00:00.0002890" startTime="2026-09-15T16:51:54.6935405+08:00" endTime="2026-09-15T16:51:54.6938293+08:00" testType="13cdc9d9-ddb5-4fa4-a97d-d965ccfc6d4b" outcome="Passed" testListId="8c84fa94-04c1-424b-9868-57a2d4851a1d" relativeResultsDirectory="1f65cd4b-f6e8-4308-a8b1-aef68221c548" />
    <UnitTestResult executionId="d978bcb3-fda5-45b9-9e82-b948dc701fca" testId="03afa042-466f-724a-0674-bd8bf0c2324d" testName="TimingMigrationPreservesEveryHistoricalNumberAndDecision" computerName="autodl-container-b82240868e-6fff412e" duration="00:00:00.0013029" startTime="2026-09-15T16:51:54.6661605+08:00" endTime="2026-09-15T16:51:54.6674636+08:00" testType="13cdc9d9-ddb5-4fa4-a97d-d965ccfc6d4b" outcome="Passed" testListId="8c84fa94-04c1-424b-9868-57a2d4851a1d" relativeResultsDirectory="d978bcb3-fda5-45b9-9e82-b948dc701fca" />
    <UnitTestResult executionId="307daebe-3c77-4e64-879c-02e632c368b1" testId="26e2d7e8-873a-dfd3-fecd-7c3f4da23a6a" testName="FrozenHoldoutStatesAreDistinct(5,Optimized)" computerName="autodl-container-b82240868e-6fff412e" duration="00:00:00.0091470" startTime="2026-09-15T16:51:54.6435903+08:00" endTime="2026-09-15T16:51:54.6527370+08:00" testType="13cdc9d9-ddb5-4fa4-a97d-d965ccfc6d4b" outcome="Passed" testListId="8c84fa94-04c1-424b-9868-57a2d4851a1d" relativeResultsDirectory="307daebe-3c77-4e64-879c-02e632c368b1" />
    <UnitTestResult executionId="16afb16e-5f8b-45ba-850d-418e780542d5" testId="c252280f-c992-84a9-f076-380be6254042" testName="HoldoutRejectsReusedPartitionAndDataset" computerName="autodl-container-b82240868e-6fff412e" duration="00:00:00.0009230" startTime="2026-09-15T16:51:54.6547144+08:00" endTime="2026-09-15T16:51:54.6556369+08:00" testType="13cdc9d9-ddb5-4fa4-a97d-d965ccfc6d4b" outcome="Passed" testListId="8c84fa94-04c1-424b-9868-57a2d4851a1d" relativeResultsDirectory="16afb16e-5f8b-45ba-850d-418e780542d5" />
    <UnitTestResult executionId="3cb64c16-53b1-416c-90f3-c827fd2acafa" testId="f1e69cd9-c994-ed17-9f89-f169aeb5ac9e" testName="NonOptimizedFactoryRequiresBaselineAndResolverKeepsBaseline(Inconclusive)" computerName="autodl-container-b82240868e-6fff412e" duration="00:00:00.0018350" startTime="2026-09-15T16:51:54.6313166+08:00" endTime="2026-09-15T16:51:54.6331513+08:00" testType="13cdc9d9-ddb5-4fa4-a97d-d965ccfc6d4b" outcome="Passed" testListId="8c84fa94-04c1-424b-9868-57a2d4851a1d" relativeResultsDirectory="3cb64c16-53b1-416c-90f3-c827fd2acafa" />
    <UnitTestResult executionId="a2b62107-948c-4c57-aaa1-184f5d5643d3" testId="43c2fc70-20a7-6d7d-2c2e-bc062a4e3378" testName="FrozenHoldoutStatesAreDistinct(9.5d,Inconclusive)" computerName="autodl-container-b82240868e-6fff412e" duration="00:00:00.0005320" startTime="2026-09-15T16:51:54.6541605+08:00" endTime="2026-09-15T16:51:54.6546927+08:00" testType="13cdc9d9-ddb5-4fa4-a97d-d965ccfc6d4b" outcome="Passed" testListId="8c84fa94-04c1-424b-9868-57a2d4851a1d" relativeResultsDirectory="a2b62107-948c-4c57-aaa1-184f5d5643d3" />
    <UnitTestResult executionId="743e2f80-c84f-40a5-9863-b4fe65a272bc" testId="07b42c25-d81d-f9ac-e5df-ca0879f8360c" testName="HoldoutFreeze_ContainsOnlyFrozenBaselineAndWinner" computerName="autodl-container-b82240868e-6fff412e" duration="00:00:00.0022290" startTime="2026-09-15T16:51:54.6826770+08:00" endTime="2026-09-15T16:51:54.6849062+08:00" testType="13cdc9d9-ddb5-4fa4-a97d-d965ccfc6d4b" outcome="Passed" testListId="8c84fa94-04c1-424b-9868-57a2d4851a1d" relativeResultsDirectory="743e2f80-c84f-40a5-9863-b4fe65a272bc" />
    <UnitTestResult executionId="56efa8ad-87a3-479d-8571-0f6aa8cee535" testId="2f1009fc-0775-f7e6-f18a-03b43116f892" testName="ProcessHierarchy_RejectsCrossDeviceInput" computerName="autodl-container-b82240868e-6fff412e" duration="00:00:00.0009550" startTime="2026-09-15T16:51:54.6925715+08:00" endTime="2026-09-15T16:51:54.6935260+08:00" testType="13cdc9d9-ddb5-4fa4-a97d-d965ccfc6d4b" outcome="Passed" testListId="8c84fa94-04c1-424b-9868-57a2d4851a1d" relativeResultsDirectory="56efa8ad-87a3-479d-8571-0f6aa8cee535" />
  </Results>
  <TestDefinitions>
    <UnitTest name="Schema3Upgrade_RejectsUnsupportedSampleAndPolicySchemas" storage="/root/autodl-tmp/codex-whole-task-20260915/data-layout/source-linux-07/tools/functionaltests/bin/functionaltests/release/net8.0/functionaltests.dll" id="c857306f-9c97-1b24-5448-fdb162f4b21a">
      <Execution id="c87ec949-b535-4b8c-8019-481dcf650d29" />
      <TestMethod codeBase="/root/autodl-tmp/codex-whole-task-20260915/data-layout/source-linux-07/Tools/FunctionalTests/bin/FunctionalTests/Release/net8.0/FunctionalTests.dll" adapterTypeName="executor://nunit3testexecutor/" className="Yanagisawa.DataLayoutCalibrator.Tests.ScientificCoreV04Tests" name="Schema3Upgrade_RejectsUnsupportedSampleAndPolicySchemas" />
    </UnitTest>
    <UnitTest name="ConfirmationUsesOnlyFrozenCandidateAndIndependentInput" storage="/root/autodl-tmp/codex-whole-task-20260915/data-layout/source-linux-07/tools/functionaltests/bin/functionaltests/release/net8.0/functionaltests.dll" id="8c34db5c-8d41-627b-472c-e1e75cad950b">
      <Execution id="34056b4a-e3f7-4ba7-add1-8f46af3509df" />
      <TestMethod codeBase="/root/autodl-tmp/codex-whole-task-20260915/data-layout/source-linux-07/Tools/FunctionalTests/bin/FunctionalTests/Release/net8.0/FunctionalTests.dll" adapterTypeName="executor://nunit3testexecutor/" className="Yanagisawa.DataLayoutCalibrator.Tests.WholeTaskLayoutSelectorTests" name="ConfirmationUsesOnlyFrozenCandidateAndIndependentInput" />
    </UnitTest>
    <UnitTest name="LifetimeUnknownForMissingCostsSourcesProcessesAndZeroSaving" storage="/root/autodl-tmp/codex-whole-task-20260915/data-layout/source-linux-07/tools/functionaltests/bin/functionaltests/release/net8.0/functionaltests.dll" id="f7964d01-159c-08c2-80dd-77c20e73c488">
      <Execution id="5483bb1e-1b66-498b-a18e-2a431158a41a" />
      <TestMethod codeBase="/root/autodl-tmp/codex-whole-task-20260915/data-layout/source-linux-07/Tools/FunctionalTests/bin/FunctionalTests/Release/net8.0/FunctionalTests.dll" adapterTypeName="executor://nunit3testexecutor/" className="Yanagisawa.DataLayoutCalibrator.Tests.MeasurementContractFunctionalTests" name="LifetimeUnknownForMissingCostsSourcesProcessesAndZeroSaving" />
    </UnitTest>
    <UnitTest name="MissingParityProfilerAndSyntheticEvidenceAreRejected" storage="/root/autodl-tmp/codex-whole-task-20260915/data-layout/source-linux-07/tools/functionaltests/bin/functionaltests/release/net8.0/functionaltests.dll" id="bc821720-c1a8-1592-8b7e-8cfa5d69a1f0">
      <Execution id="ca252533-9b07-48b6-bb2d-7ed9f3dcd2c0" />
      <TestMethod codeBase="/root/autodl-tmp/codex-whole-task-20260915/data-layout/source-linux-07/Tools/FunctionalTests/bin/FunctionalTests/Release/net8.0/FunctionalTests.dll" adapterTypeName="executor://nunit3testexecutor/" className="Yanagisawa.DataLayoutCalibrator.Tests.WholeTaskLayoutSelectorTests" name="MissingParityProfilerAndSyntheticEvidenceAreRejected" />
    </UnitTest>
    <UnitTest name="CodecRejectsChecksummedAndDecisionHashedNonOptimizedNonBaselineProfile(Inconclusive)" storage="/root/autodl-tmp/codex-whole-task-20260915/data-layout/source-linux-07/tools/functionaltests/bin/functionaltests/release/net8.0/functionaltests.dll" id="333b5441-5c50-472f-2958-b8d3f11087fb">
      <Execution id="a0a1dd9f-3573-4315-bafc-dc28d12b4c4a" />
      <TestMethod codeBase="/root/autodl-tmp/codex-whole-task-20260915/data-layout/source-linux-07/Tools/FunctionalTests/bin/FunctionalTests/Release/net8.0/FunctionalTests.dll" adapterTypeName="executor://nunit3testexecutor/" className="Yanagisawa.DataLayoutCalibrator.Tests.DeploymentProfileTests" name="CodecRejectsChecksummedAndDecisionHashedNonOptimizedNonBaselineProfile(Inconclusive)" />
    </UnitTest>
    <UnitTest name="HoldoutFreeze_ContainsOnlyFrozenBaselineAndWinner" storage="/root/autodl-tmp/codex-whole-task-20260915/data-layout/source-linux-07/tools/functionaltests/bin/functionaltests/release/net8.0/functionaltests.dll" id="07b42c25-d81d-f9ac-e5df-ca0879f8360c">
      <Execution id="743e2f80-c84f-40a5-9863-b4fe65a272bc" />
      <TestMethod codeBase="/root/autodl-tmp/codex-whole-task-20260915/data-layout/source-linux-07/Tools/FunctionalTests/bin/FunctionalTests/Release/net8.0/FunctionalTests.dll" adapterTypeName="executor://nunit3testexecutor/" className="Yanagisawa.DataLayoutCalibrator.Tests.ScientificCoreV04Tests" name="HoldoutFreeze_ContainsOnlyFrozenBaselineAndWinner" />
    </UnitTest>
    <UnitTest name="OptimizedExactFingerprintUsesFrozenNonBaselineDecisionWithoutReselection" storage="/root/autodl-tmp/codex-whole-task-20260915/data-layout/source-linux-07/tools/functionaltests/bin/functionaltests/release/net8.0/functionaltests.dll" id="e395b8e4-bba1-a369-35c5-acc484c621e9">
      <Execution id="6cffc6fd-1db3-4dab-8d94-16b43b8c0f8d" />
      <TestMethod codeBase="/root/autodl-tmp/codex-whole-task-20260915/data-layout/source-linux-07/Tools/FunctionalTests/bin/FunctionalTests/Release/net8.0/FunctionalTests.dll" adapterTypeName="executor://nunit3testexecutor/" className="Yanagisawa.DataLayoutCalibrator.Tests.DeploymentProfileTests" name="OptimizedExactFingerprintUsesFrozenNonBaselineDecisionWithoutReselection" />
    </UnitTest>
    <UnitTest name="CriticalFingerprintChangesInvalidateAndFallBackToTunedAoS(&quot;worker&quot;,JobWorkerCount)" storage="/root/autodl-tmp/codex-whole-task-20260915/data-layout/source-linux-07/tools/functionaltests/bin/functionaltests/release/net8.0/functionaltests.dll" id="1abcb072-7971-68a7-daad-336326076422">
      <Execution id="09b4716c-9722-453f-afb1-ffb37e19fa60" />
      <TestMethod codeBase="/root/autodl-tmp/codex-whole-task-20260915/data-layout/source-linux-07/Tools/FunctionalTests/bin/FunctionalTests/Release/net8.0/FunctionalTests.dll" adapterTypeName="executor://nunit3testexecutor/" className="Yanagisawa.DataLayoutCalibrator.Tests.DeploymentProfileTests" name="CriticalFingerprintChangesInvalidateAndFallBackToTunedAoS(&quot;worker&quot;,JobWorkerCount)" />
    </UnitTest>
    <UnitTest name="CodecRejectsChecksummedAndDecisionHashedNonOptimizedNonBaselineProfile(Invalid)" storage="/root/autodl-tmp/codex-whole-task-20260915/data-layout/source-linux-07/tools/functionaltests/bin/functionaltests/release/net8.0/functionaltests.dll" id="311c5c75-4fdd-f295-7eb6-d738240d087e">
      <Execution id="554bf623-92a0-4eca-a827-35b933bf32b2" />
      <TestMethod codeBase="/root/autodl-tmp/codex-whole-task-20260915/data-layout/source-linux-07/Tools/FunctionalTests/bin/FunctionalTests/Release/net8.0/FunctionalTests.dll" adapterTypeName="executor://nunit3testexecutor/" className="Yanagisawa.DataLayoutCalibrator.Tests.DeploymentProfileTests" name="CodecRejectsChecksummedAndDecisionHashedNonOptimizedNonBaselineProfile(Invalid)" />
    </UnitTest>
    <UnitTest name="Schema2Migration_RejectsWrongMetadataInsteadOfOverwritingIt" storage="/root/autodl-tmp/codex-whole-task-20260915/data-layout/source-linux-07/tools/functionaltests/bin/functionaltests/release/net8.0/functionaltests.dll" id="08f2a995-0258-d640-0e3b-21fe66bce134">
      <Execution id="817b6984-9d0b-4f74-aebf-75fbe882b4da" />
      <TestMethod codeBase="/root/autodl-tmp/codex-whole-task-20260915/data-layout/source-linux-07/Tools/FunctionalTests/bin/FunctionalTests/Release/net8.0/FunctionalTests.dll" adapterTypeName="executor://nunit3testexecutor/" className="Yanagisawa.DataLayoutCalibrator.Tests.ScientificCoreV04Tests" name="Schema2Migration_RejectsWrongMetadataInsteadOfOverwritingIt" />
    </UnitTest>
    <UnitTest name="PairedBootstrap_WithSameSeed_IsBitwiseDeterministic" storage="/root/autodl-tmp/codex-whole-task-20260915/data-layout/source-linux-07/tools/functionaltests/bin/functionaltests/release/net8.0/functionaltests.dll" id="6c3c9cd5-560e-acd3-0b3d-495b10e0ea45">
      <Execution id="2f73387a-b877-4836-b3fb-048b3e0a172e" />
      <TestMethod codeBase="/root/autodl-tmp/codex-whole-task-20260915/data-layout/source-linux-07/Tools/FunctionalTests/bin/FunctionalTests/Release/net8.0/FunctionalTests.dll" adapterTypeName="executor://nunit3testexecutor/" className="Yanagisawa.DataLayoutCalibrator.Tests.ScientificCoreV04Tests" name="PairedBootstrap_WithSameSeed_IsBitwiseDeterministic" />
    </UnitTest>
    <UnitTest name="PairedBootstrap_RejectsUnsupportedSampleSchema" storage="/root/autodl-tmp/codex-whole-task-20260915/data-layout/source-linux-07/tools/functionaltests/bin/functionaltests/release/net8.0/functionaltests.dll" id="c36d792c-1028-f8ab-725d-5ea51ca66594">
      <Execution id="1b25efcf-631e-433b-8fa3-c914ab25b1d1" />
      <TestMethod codeBase="/root/autodl-tmp/codex-whole-task-20260915/data-layout/source-linux-07/Tools/FunctionalTests/bin/FunctionalTests/Release/net8.0/FunctionalTests.dll" adapterTypeName="executor://nunit3testexecutor/" className="Yanagisawa.DataLayoutCalibrator.Tests.ScientificCoreV04Tests" name="PairedBootstrap_RejectsUnsupportedSampleSchema" />
    </UnitTest>
    <UnitTest name="MissingAndIncompleteAllocationEvidenceFailClosed" storage="/root/autodl-tmp/codex-whole-task-20260915/data-layout/source-linux-07/tools/functionaltests/bin/functionaltests/release/net8.0/functionaltests.dll" id="6f07570a-2c7f-bcfa-b3a0-b746bad64d89">
      <Execution id="b97ee670-d12a-4694-922a-de7cd6461b27" />
      <TestMethod codeBase="/root/autodl-tmp/codex-whole-task-20260915/data-layout/source-linux-07/Tools/FunctionalTests/bin/FunctionalTests/Release/net8.0/FunctionalTests.dll" adapterTypeName="executor://nunit3testexecutor/" className="Yanagisawa.DataLayoutCalibrator.Tests.MeasurementContractFunctionalTests" name="MissingAndIncompleteAllocationEvidenceFailClosed" />
    </UnitTest>
    <UnitTest name="ProcessHierarchy_RejectsMixedScenarioContractVersions" storage="/root/autodl-tmp/codex-whole-task-20260915/data-layout/source-linux-07/tools/functionaltests/bin/functionaltests/release/net8.0/functionaltests.dll" id="a4b82086-05f4-3d2b-2e9b-37cedc9c3c93">
      <Execution id="1f65cd4b-f6e8-4308-a8b1-aef68221c548" />
      <TestMethod codeBase="/root/autodl-tmp/codex-whole-task-20260915/data-layout/source-linux-07/Tools/FunctionalTests/bin/FunctionalTests/Release/net8.0/FunctionalTests.dll" adapterTypeName="executor://nunit3testexecutor/" className="Yanagisawa.DataLayoutCalibrator.Tests.ScientificCoreV04Tests" name="ProcessHierarchy_RejectsMixedScenarioContractVersions" />
    </UnitTest>
    <UnitTest name="FrozenHoldoutStatesAreDistinct(10,StatisticalTie)" storage="/root/autodl-tmp/codex-whole-task-20260915/data-layout/source-linux-07/tools/functionaltests/bin/functionaltests/release/net8.0/functionaltests.dll" id="44cb5094-07ca-3237-da43-36616f2224c9">
      <Execution id="32018ddf-d7cf-4d0a-aceb-e86d575cf064" />
      <TestMethod codeBase="/root/autodl-tmp/codex-whole-task-20260915/data-layout/source-linux-07/Tools/FunctionalTests/bin/FunctionalTests/Release/net8.0/FunctionalTests.dll" adapterTypeName="executor://nunit3testexecutor/" className="Yanagisawa.DataLayoutCalibrator.Tests.MeasurementContractFunctionalTests" name="FrozenHoldoutStatesAreDistinct(10,StatisticalTie)" />
    </UnitTest>
    <UnitTest name="FrozenHoldoutStatesAreDistinct(9.5d,Inconclusive)" storage="/root/autodl-tmp/codex-whole-task-20260915/data-layout/source-linux-07/tools/functionaltests/bin/functionaltests/release/net8.0/functionaltests.dll" id="43c2fc70-20a7-6d7d-2c2e-bc062a4e3378">
      <Execution id="a2b62107-948c-4c57-aaa1-184f5d5643d3" />
      <TestMethod codeBase="/root/autodl-tmp/codex-whole-task-20260915/data-layout/source-linux-07/Tools/FunctionalTests/bin/FunctionalTests/Release/net8.0/FunctionalTests.dll" adapterTypeName="executor://nunit3testexecutor/" className="Yanagisawa.DataLayoutCalibrator.Tests.MeasurementContractFunctionalTests" name="FrozenHoldoutStatesAreDistinct(9.5d,Inconclusive)" />
    </UnitTest>
    <UnitTest name="PairedBootstrap_RejectsMissingCurrentSampleMetadata" storage="/root/autodl-tmp/codex-whole-task-20260915/data-layout/source-linux-07/tools/functionaltests/bin/functionaltests/release/net8.0/functionaltests.dll" id="873b3e9d-ce5e-b0fa-b068-f0caa5b535f0">
      <Execution id="a928ad03-06a8-4871-8183-2c3e7fe1c2c6" />
      <TestMethod codeBase="/root/autodl-tmp/codex-whole-task-20260915/data-layout/source-linux-07/Tools/FunctionalTests/bin/FunctionalTests/Release/net8.0/FunctionalTests.dll" adapterTypeName="executor://nunit3testexecutor/" className="Yanagisawa.DataLayoutCalibrator.Tests.ScientificCoreV04Tests" name="PairedBootstrap_RejectsMissingCurrentSampleMetadata" />
    </UnitTest>
    <UnitTest name="ProcessHierarchy_RejectsCrossDeviceInput" storage="/root/autodl-tmp/codex-whole-task-20260915/data-layout/source-linux-07/tools/functionaltests/bin/functionaltests/release/net8.0/functionaltests.dll" id="2f1009fc-0775-f7e6-f18a-03b43116f892">
      <Execution id="56efa8ad-87a3-479d-8571-0f6aa8cee535" />
      <TestMethod codeBase="/root/autodl-tmp/codex-whole-task-20260915/data-layout/source-linux-07/Tools/FunctionalTests/bin/FunctionalTests/Release/net8.0/FunctionalTests.dll" adapterTypeName="executor://nunit3testexecutor/" className="Yanagisawa.DataLayoutCalibrator.Tests.ScientificCoreV04Tests" name="ProcessHierarchy_RejectsCrossDeviceInput" />
    </UnitTest>
    <UnitTest name="Schema3Upgrade_BindsHoldoutToFrozenCalibrationWinner" storage="/root/autodl-tmp/codex-whole-task-20260915/data-layout/source-linux-07/tools/functionaltests/bin/functionaltests/release/net8.0/functionaltests.dll" id="71c74a6c-2143-8b1f-8b71-5fbffb136575">
      <Execution id="c1c3a3e7-2c81-4e8f-8711-f58d4baf5eb9" />
      <TestMethod codeBase="/root/autodl-tmp/codex-whole-task-20260915/data-layout/source-linux-07/Tools/FunctionalTests/bin/FunctionalTests/Release/net8.0/FunctionalTests.dll" adapterTypeName="executor://nunit3testexecutor/" className="Yanagisawa.DataLayoutCalibrator.Tests.ScientificCoreV04Tests" name="Schema3Upgrade_BindsHoldoutToFrozenCalibrationWinner" />
    </UnitTest>
    <UnitTest name="FileStoreHandlesMissingSaveReplacementAndCorruption" storage="/root/autodl-tmp/codex-whole-task-20260915/data-layout/source-linux-07/tools/functionaltests/bin/functionaltests/release/net8.0/functionaltests.dll" id="110c8b5b-e8e4-f0e0-cc62-cb9c31f066a5">
      <Execution id="ec1b91e4-53b9-47a7-902f-dd36060b2f29" />
      <TestMethod codeBase="/root/autodl-tmp/codex-whole-task-20260915/data-layout/source-linux-07/Tools/FunctionalTests/bin/FunctionalTests/Release/net8.0/FunctionalTests.dll" adapterTypeName="executor://nunit3testexecutor/" className="Yanagisawa.DataLayoutCalibrator.Tests.DeploymentProfileTests" name="FileStoreHandlesMissingSaveReplacementAndCorruption" />
    </UnitTest>
    <UnitTest name="ProcessHierarchy_ResamplesProcessesAndBlocksOnOneDevice" storage="/root/autodl-tmp/codex-whole-task-20260915/data-layout/source-linux-07/tools/functionaltests/bin/functionaltests/release/net8.0/functionaltests.dll" id="ce9467b5-7fc5-ae76-92d2-f6685814ede9">
      <Execution id="b7abf016-9ea6-41fb-9c7e-79aa753a25cc" />
      <TestMethod codeBase="/root/autodl-tmp/codex-whole-task-20260915/data-layout/source-linux-07/Tools/FunctionalTests/bin/FunctionalTests/Release/net8.0/FunctionalTests.dll" adapterTypeName="executor://nunit3testexecutor/" className="Yanagisawa.DataLayoutCalibrator.Tests.ScientificCoreV04Tests" name="ProcessHierarchy_ResamplesProcessesAndBlocksOnOneDevice" />
    </UnitTest>
    <UnitTest name="HoldoutRegression_IsDistinctFromTieAndFallsBackToAoS" storage="/root/autodl-tmp/codex-whole-task-20260915/data-layout/source-linux-07/tools/functionaltests/bin/functionaltests/release/net8.0/functionaltests.dll" id="110b63bb-2174-700d-0ae3-7909ee0f1011">
      <Execution id="c0e25617-7b0c-44d5-b9ed-1c744a6eabb4" />
      <TestMethod codeBase="/root/autodl-tmp/codex-whole-task-20260915/data-layout/source-linux-07/Tools/FunctionalTests/bin/FunctionalTests/Release/net8.0/FunctionalTests.dll" adapterTypeName="executor://nunit3testexecutor/" className="Yanagisawa.DataLayoutCalibrator.Tests.ScientificCoreV04Tests" name="HoldoutRegression_IsDistinctFromTieAndFallsBackToAoS" />
    </UnitTest>
    <UnitTest name="CodecRejectsChecksummedAndDecisionHashedNonOptimizedNonBaselineProfile(StatisticalTie)" storage="/root/autodl-tmp/codex-whole-task-20260915/data-layout/source-linux-07/tools/functionaltests/bin/functionaltests/release/net8.0/functionaltests.dll" id="228cbbfb-232c-f1d6-2496-c2ab524fe634">
      <Execution id="966e0534-9db7-4d34-8662-066bf7f1f6f6" />
      <TestMethod codeBase="/root/autodl-tmp/codex-whole-task-20260915/data-layout/source-linux-07/Tools/FunctionalTests/bin/FunctionalTests/Release/net8.0/FunctionalTests.dll" adapterTypeName="executor://nunit3testexecutor/" className="Yanagisawa.DataLayoutCalibrator.Tests.DeploymentProfileTests" name="CodecRejectsChecksummedAndDecisionHashedNonOptimizedNonBaselineProfile(StatisticalTie)" />
    </UnitTest>
    <UnitTest name="FactorizedDescriptor_PreservesCanonicalIdAndExplicitPolicies" storage="/root/autodl-tmp/codex-whole-task-20260915/data-layout/source-linux-07/tools/functionaltests/bin/functionaltests/release/net8.0/functionaltests.dll" id="ca084c75-3449-315d-39ec-ad8c8539150f">
      <Execution id="039233d5-9a8e-430a-8439-5f7b94e80296" />
      <TestMethod codeBase="/root/autodl-tmp/codex-whole-task-20260915/data-layout/source-linux-07/Tools/FunctionalTests/bin/FunctionalTests/Release/net8.0/FunctionalTests.dll" adapterTypeName="executor://nunit3testexecutor/" className="Yanagisawa.DataLayoutCalibrator.Tests.ScientificCoreV04Tests" name="FactorizedDescriptor_PreservesCanonicalIdAndExplicitPolicies" />
    </UnitTest>
    <UnitTest name="Schema3Upgrade_RequiresNonEmptyCalibrationResultsWithMatchingPhaseAndCount" storage="/root/autodl-tmp/codex-whole-task-20260915/data-layout/source-linux-07/tools/functionaltests/bin/functionaltests/release/net8.0/functionaltests.dll" id="c47b2702-9235-0905-d04a-279d9b3cb115">
      <Execution id="aad1f965-6f10-48b7-9fdf-c4d512cb3463" />
      <TestMethod codeBase="/root/autodl-tmp/codex-whole-task-20260915/data-layout/source-linux-07/Tools/FunctionalTests/bin/FunctionalTests/Release/net8.0/FunctionalTests.dll" adapterTypeName="executor://nunit3testexecutor/" className="Yanagisawa.DataLayoutCalibrator.Tests.ScientificCoreV04Tests" name="Schema3Upgrade_RequiresNonEmptyCalibrationResultsWithMatchingPhaseAndCount" />
    </UnitTest>
    <UnitTest name="NonOptimizedFactoryRequiresBaselineAndResolverKeepsBaseline(Regression)" storage="/root/autodl-tmp/codex-whole-task-20260915/data-layout/source-linux-07/tools/functionaltests/bin/functionaltests/release/net8.0/functionaltests.dll" id="c12169e1-e855-ea4c-13b8-863ac24fe3b8">
      <Execution id="1b6a7467-e2eb-4e4d-bac3-ceec40fc9f9e" />
      <TestMethod codeBase="/root/autodl-tmp/codex-whole-task-20260915/data-layout/source-linux-07/Tools/FunctionalTests/bin/FunctionalTests/Release/net8.0/FunctionalTests.dll" adapterTypeName="executor://nunit3testexecutor/" className="Yanagisawa.DataLayoutCalibrator.Tests.DeploymentProfileTests" name="NonOptimizedFactoryRequiresBaselineAndResolverKeepsBaseline(Regression)" />
    </UnitTest>
    <UnitTest name="AdapterExplicitTunedBaselinePreservesOtherAoSDefinitionHashes" storage="/root/autodl-tmp/codex-whole-task-20260915/data-layout/source-linux-07/tools/functionaltests/bin/functionaltests/release/net8.0/functionaltests.dll" id="3142f6b7-7671-ec61-1fc3-94023e132ddf">
      <Execution id="015ebad1-64c5-4120-a12d-4b9e9b2df399" />
      <TestMethod codeBase="/root/autodl-tmp/codex-whole-task-20260915/data-layout/source-linux-07/Tools/FunctionalTests/bin/FunctionalTests/Release/net8.0/FunctionalTests.dll" adapterTypeName="executor://nunit3testexecutor/" className="Yanagisawa.DataLayoutCalibrator.Tests.VNextIntegrationProtocolTests" name="AdapterExplicitTunedBaselinePreservesOtherAoSDefinitionHashes" />
    </UnitTest>
    <UnitTest name="Schema3Upgrade_RejectsDecisionCandidateIdentityMismatch" storage="/root/autodl-tmp/codex-whole-task-20260915/data-layout/source-linux-07/tools/functionaltests/bin/functionaltests/release/net8.0/functionaltests.dll" id="711ee020-5d6d-082a-f693-c61438f89be2">
      <Execution id="aae2abee-372a-454f-831b-6b542710f152" />
      <TestMethod codeBase="/root/autodl-tmp/codex-whole-task-20260915/data-layout/source-linux-07/Tools/FunctionalTests/bin/FunctionalTests/Release/net8.0/FunctionalTests.dll" adapterTypeName="executor://nunit3testexecutor/" className="Yanagisawa.DataLayoutCalibrator.Tests.ScientificCoreV04Tests" name="Schema3Upgrade_RejectsDecisionCandidateIdentityMismatch" />
    </UnitTest>
    <UnitTest name="PerTickP95IsNotBlockMeanP95OrComponentScore" storage="/root/autodl-tmp/codex-whole-task-20260915/data-layout/source-linux-07/tools/functionaltests/bin/functionaltests/release/net8.0/functionaltests.dll" id="6bc4c658-436f-e832-5733-2afb03ac5093">
      <Execution id="f4e370ba-866f-4538-ba28-d4f315ae525b" />
      <TestMethod codeBase="/root/autodl-tmp/codex-whole-task-20260915/data-layout/source-linux-07/Tools/FunctionalTests/bin/FunctionalTests/Release/net8.0/FunctionalTests.dll" adapterTypeName="executor://nunit3testexecutor/" className="Yanagisawa.DataLayoutCalibrator.Tests.MeasurementContractFunctionalTests" name="PerTickP95IsNotBlockMeanP95OrComponentScore" />
    </UnitTest>
    <UnitTest name="PairedInferenceRejectsMixedBuildAndPartition" storage="/root/autodl-tmp/codex-whole-task-20260915/data-layout/source-linux-07/tools/functionaltests/bin/functionaltests/release/net8.0/functionaltests.dll" id="9861a0aa-6e09-ac2d-e128-4885d57853eb">
      <Execution id="8075a7bf-5769-4c47-8aad-59587abd5984" />
      <TestMethod codeBase="/root/autodl-tmp/codex-whole-task-20260915/data-layout/source-linux-07/Tools/FunctionalTests/bin/FunctionalTests/Release/net8.0/FunctionalTests.dll" adapterTypeName="executor://nunit3testexecutor/" className="Yanagisawa.DataLayoutCalibrator.Tests.MeasurementContractFunctionalTests" name="PairedInferenceRejectsMixedBuildAndPartition" />
    </UnitTest>
    <UnitTest name="RechecksRawSuiteIntegrityAfterDocumentChecksumPasses" storage="/root/autodl-tmp/codex-whole-task-20260915/data-layout/source-linux-07/tools/functionaltests/bin/functionaltests/release/net8.0/functionaltests.dll" id="a7e9fa0e-1b46-2ae9-f43c-bcacb82bddf8">
      <Execution id="dd7ef22a-edac-4b68-ac03-9b9bd1a956b9" />
      <TestMethod codeBase="/root/autodl-tmp/codex-whole-task-20260915/data-layout/source-linux-07/Tools/FunctionalTests/bin/FunctionalTests/Release/net8.0/FunctionalTests.dll" adapterTypeName="executor://nunit3testexecutor/" className="Yanagisawa.DataLayoutCalibrator.Tests.DeploymentProfileTests" name="RechecksRawSuiteIntegrityAfterDocumentChecksumPasses" />
    </UnitTest>
    <UnitTest name="NonOptimizedFactoryRequiresBaselineAndResolverKeepsBaseline(Invalid)" storage="/root/autodl-tmp/codex-whole-task-20260915/data-layout/source-linux-07/tools/functionaltests/bin/functionaltests/release/net8.0/functionaltests.dll" id="bcc7f2dd-b54f-b18d-6d1b-4db6de66f83c">
      <Execution id="f6911390-d107-47f2-a8f0-14ac6421e80c" />
      <TestMethod codeBase="/root/autodl-tmp/codex-whole-task-20260915/data-layout/source-linux-07/Tools/FunctionalTests/bin/FunctionalTests/Release/net8.0/FunctionalTests.dll" adapterTypeName="executor://nunit3testexecutor/" className="Yanagisawa.DataLayoutCalibrator.Tests.DeploymentProfileTests" name="NonOptimizedFactoryRequiresBaselineAndResolverKeepsBaseline(Invalid)" />
    </UnitTest>
    <UnitTest name="PairedBootstrap_PreservesCommonBlockDriftAndUsesLogRatio" storage="/root/autodl-tmp/codex-whole-task-20260915/data-layout/source-linux-07/tools/functionaltests/bin/functionaltests/release/net8.0/functionaltests.dll" id="65fa8d0d-d29c-32e8-e3ad-942ef3ce1e0f">
      <Execution id="95c91cd0-53b1-4b4c-b06b-131ab3ec23db" />
      <TestMethod codeBase="/root/autodl-tmp/codex-whole-task-20260915/data-layout/source-linux-07/Tools/FunctionalTests/bin/FunctionalTests/Release/net8.0/FunctionalTests.dll" adapterTypeName="executor://nunit3testexecutor/" className="Yanagisawa.DataLayoutCalibrator.Tests.ScientificCoreV04Tests" name="PairedBootstrap_PreservesCommonBlockDriftAndUsesLogRatio" />
    </UnitTest>
    <UnitTest name="RejectedCandidateGainIsNotAttributedToBaselineRecommendation" storage="/root/autodl-tmp/codex-whole-task-20260915/data-layout/source-linux-07/tools/functionaltests/bin/functionaltests/release/net8.0/functionaltests.dll" id="281e692a-c1a1-aa3d-304e-896cf9feaedd">
      <Execution id="5ec75efc-2f3d-439e-98fa-f9912650a2e9" />
      <TestMethod codeBase="/root/autodl-tmp/codex-whole-task-20260915/data-layout/source-linux-07/Tools/FunctionalTests/bin/FunctionalTests/Release/net8.0/FunctionalTests.dll" adapterTypeName="executor://nunit3testexecutor/" className="Yanagisawa.DataLayoutCalibrator.Tests.WholeTaskLayoutSelectorTests" name="RejectedCandidateGainIsNotAttributedToBaselineRecommendation" />
    </UnitTest>
    <UnitTest name="Schema3Upgrade_RejectsMissingMetadataAndIdentityMismatchWithoutRepair" storage="/root/autodl-tmp/codex-whole-task-20260915/data-layout/source-linux-07/tools/functionaltests/bin/functionaltests/release/net8.0/functionaltests.dll" id="a41fc128-10d1-7e52-5249-cb72014adcb1">
      <Execution id="2cec3b42-9ab3-421b-89e3-b773b411f9fe" />
      <TestMethod codeBase="/root/autodl-tmp/codex-whole-task-20260915/data-layout/source-linux-07/Tools/FunctionalTests/bin/FunctionalTests/Release/net8.0/FunctionalTests.dll" adapterTypeName="executor://nunit3testexecutor/" className="Yanagisawa.DataLayoutCalibrator.Tests.ScientificCoreV04Tests" name="Schema3Upgrade_RejectsMissingMetadataAndIdentityMismatchWithoutRepair" />
    </UnitTest>
    <UnitTest name="UnbalancedPairsAreRejected" storage="/root/autodl-tmp/codex-whole-task-20260915/data-layout/source-linux-07/tools/functionaltests/bin/functionaltests/release/net8.0/functionaltests.dll" id="3a0a93ad-6318-4164-65e5-d05e0de6ee7d">
      <Execution id="168a50d5-8429-4702-a1f3-2c3b8d558506" />
      <TestMethod codeBase="/root/autodl-tmp/codex-whole-task-20260915/data-layout/source-linux-07/Tools/FunctionalTests/bin/FunctionalTests/Release/net8.0/FunctionalTests.dll" adapterTypeName="executor://nunit3testexecutor/" className="Yanagisawa.DataLayoutCalibrator.Tests.WholeTaskLayoutSelectorTests" name="UnbalancedPairsAreRejected" />
    </UnitTest>
    <UnitTest name="NumericZeroWithoutRequiredCoverageCannotBeEligible(None)" storage="/root/autodl-tmp/codex-whole-task-20260915/data-layout/source-linux-07/tools/functionaltests/bin/functionaltests/release/net8.0/functionaltests.dll" id="605a7328-202c-35ec-cc5b-e9ae3317afc5">
      <Execution id="338f70e1-0dc0-4e90-81ff-1e2326ab4389" />
      <TestMethod codeBase="/root/autodl-tmp/codex-whole-task-20260915/data-layout/source-linux-07/Tools/FunctionalTests/bin/FunctionalTests/Release/net8.0/FunctionalTests.dll" adapterTypeName="executor://nunit3testexecutor/" className="Yanagisawa.DataLayoutCalibrator.Tests.MeasurementContractFunctionalTests" name="NumericZeroWithoutRequiredCoverageCannotBeEligible(None)" />
    </UnitTest>
    <UnitTest name="Schema3EnvelopeReference_BindsArtifactCandidateSetAndMeasurementSchema" storage="/root/autodl-tmp/codex-whole-task-20260915/data-layout/source-linux-07/tools/functionaltests/bin/functionaltests/release/net8.0/functionaltests.dll" id="25e93565-b17d-6682-af46-9360ac78e782">
      <Execution id="86f45a6e-91e0-405c-be40-ff42ed827978" />
      <TestMethod codeBase="/root/autodl-tmp/codex-whole-task-20260915/data-layout/source-linux-07/Tools/FunctionalTests/bin/FunctionalTests/Release/net8.0/FunctionalTests.dll" adapterTypeName="executor://nunit3testexecutor/" className="Yanagisawa.DataLayoutCalibrator.Tests.VNextIntegrationProtocolTests" name="Schema3EnvelopeReference_BindsArtifactCandidateSetAndMeasurementSchema" />
    </UnitTest>
    <UnitTest name="Schema3Upgrade_IsValidationOnly" storage="/root/autodl-tmp/codex-whole-task-20260915/data-layout/source-linux-07/tools/functionaltests/bin/functionaltests/release/net8.0/functionaltests.dll" id="daa85559-acbe-dd34-2acb-c13990c33d12">
      <Execution id="32ef9c34-0bc4-40a1-9b10-d53e5903d042" />
[...]
      <TestMethod codeBase="/root/autodl-tmp/codex-whole-task-20260915/data-layout/source-linux-07/Tools/FunctionalTests/bin/FunctionalTests/Release/net8.0/FunctionalTests.dll" adapterTypeName="executor://nunit3testexecutor/" className="Yanagisawa.DataLayoutCalibrator.Tests.MeasurementContractFunctionalTests" name="Counter_RejectsBackwardAndContaminatedEmptyWindows" />
    </UnitTest>
    <UnitTest name="Schema3Upgrade_RequiresCompleteSamplingDesignDeclarations" storage="/root/autodl-tmp/codex-whole-task-20260915/data-layout/source-linux-07/tools/functionaltests/bin/functionaltests/release/net8.0/functionaltests.dll" id="53e10ebe-0de2-d0d7-48b5-c8c9b447c022">
      <Execution id="3dd96507-ab1f-4a1a-b5ad-4ac388518a3a" />
      <TestMethod codeBase="/root/autodl-tmp/codex-whole-task-20260915/data-layout/source-linux-07/Tools/FunctionalTests/bin/FunctionalTests/Release/net8.0/FunctionalTests.dll" adapterTypeName="executor://nunit3testexecutor/" className="Yanagisawa.DataLayoutCalibrator.Tests.ScientificCoreV04Tests" name="Schema3Upgrade_RequiresCompleteSamplingDesignDeclarations" />
    </UnitTest>
    <UnitTest name="FingerprintRejectsMissingBuildFlagsOrInstructionSet" storage="/root/autodl-tmp/codex-whole-task-20260915/data-layout/source-linux-07/tools/functionaltests/bin/functionaltests/release/net8.0/functionaltests.dll" id="478ac0c9-ad3f-1fa1-eaaa-e418c8b4ae4e">
      <Execution id="a5ae1525-c85d-4efb-9cf6-b56297e78c5a" />
      <TestMethod codeBase="/root/autodl-tmp/codex-whole-task-20260915/data-layout/source-linux-07/Tools/FunctionalTests/bin/FunctionalTests/Release/net8.0/FunctionalTests.dll" adapterTypeName="executor://nunit3testexecutor/" className="Yanagisawa.DataLayoutCalibrator.Tests.DeploymentProfileTests" name="FingerprintRejectsMissingBuildFlagsOrInstructionSet" />
    </UnitTest>
    <UnitTest name="SourceInputAndBoundaryMixingAreRejected" storage="/root/autodl-tmp/codex-whole-task-20260915/data-layout/source-linux-07/tools/functionaltests/bin/functionaltests/release/net8.0/functionaltests.dll" id="170a56f9-2386-592d-ce06-82799287c30e">
      <Execution id="fbec39ee-95fc-441c-b9b5-6983e22e8829" />
      <TestMethod codeBase="/root/autodl-tmp/codex-whole-task-20260915/data-layout/source-linux-07/Tools/FunctionalTests/bin/FunctionalTests/Release/net8.0/FunctionalTests.dll" adapterTypeName="executor://nunit3testexecutor/" className="Yanagisawa.DataLayoutCalibrator.Tests.WholeTaskLayoutSelectorTests" name="SourceInputAndBoundaryMixingAreRejected" />
    </UnitTest>
    <UnitTest name="CodecRejectsChecksummedAndDecisionHashedNonOptimizedNonBaselineProfile(Regression)" storage="/root/autodl-tmp/codex-whole-task-20260915/data-layout/source-linux-07/tools/functionaltests/bin/functionaltests/release/net8.0/functionaltests.dll" id="8782315d-455f-fcab-a3af-3b804a932acf">
      <Execution id="ae0fb31b-601e-4ca0-bec4-9c3af0c904ba" />
      <TestMethod codeBase="/root/autodl-tmp/codex-whole-task-20260915/data-layout/source-linux-07/Tools/FunctionalTests/bin/FunctionalTests/Release/net8.0/FunctionalTests.dll" adapterTypeName="executor://nunit3testexecutor/" className="Yanagisawa.DataLayoutCalibrator.Tests.DeploymentProfileTests" name="CodecRejectsChecksummedAndDecisionHashedNonOptimizedNonBaselineProfile(Regression)" />
    </UnitTest>
  </TestDefinitions>
  <TestEntries>
    <TestEntry testId="6b91da85-24fa-8553-c97c-de91b5e947b9" executionId="ce42aba7-cd41-4c0a-8dd8-185c54b95bce" testListId="8c84fa94-04c1-424b-9868-57a2d4851a1d" />
    <TestEntry testId="9861a0aa-6e09-ac2d-e128-4885d57853eb" executionId="8075a7bf-5769-4c47-8aad-59587abd5984" testListId="8c84fa94-04c1-424b-9868-57a2d4851a1d" />
    <TestEntry testId="a41fc128-10d1-7e52-5249-cb72014adcb1" executionId="2cec3b42-9ab3-421b-89e3-b773b411f9fe" testListId="8c84fa94-04c1-424b-9868-57a2d4851a1d" />
    <TestEntry testId="65fa8d0d-d29c-32e8-e3ad-942ef3ce1e0f" executionId="95c91cd0-53b1-4b4c-b06b-131ab3ec23db" testListId="8c84fa94-04c1-424b-9868-57a2d4851a1d" />
    <TestEntry testId="c857306f-9c97-1b24-5448-fdb162f4b21a" executionId="c87ec949-b535-4b8c-8019-481dcf650d29" testListId="8c84fa94-04c1-424b-9868-57a2d4851a1d" />
    <TestEntry testId="e2972bc8-a4b1-5f8b-02a3-6a8f5899b7d3" executionId="e657a001-603c-4d3f-b7ac-1fabfc4ef59e" testListId="8c84fa94-04c1-424b-9868-57a2d4851a1d" />
    <TestEntry testId="7e6ec357-327e-ec6b-b871-5471f7203030" executionId="da9d6f58-6b02-4b56-b4ad-cb206b18b3ab" testListId="8c84fa94-04c1-424b-9868-57a2d4851a1d" />
    <TestEntry testId="59f02d90-459c-b545-94f9-00956f89e30e" executionId="61d39d6a-a7a9-4978-9f7d-c98060e6d3fc" testListId="8c84fa94-04c1-424b-9868-57a2d4851a1d" />
    <TestEntry testId="bd739dab-9849-e6da-4632-ac871ef0d305" executionId="5f0c74f3-73d7-4d64-b0cd-0bf1c5754751" testListId="8c84fa94-04c1-424b-9868-57a2d4851a1d" />
    <TestEntry testId="71c74a6c-2143-8b1f-8b71-5fbffb136575" executionId="c1c3a3e7-2c81-4e8f-8711-f58d4baf5eb9" testListId="8c84fa94-04c1-424b-9868-57a2d4851a1d" />
    <TestEntry testId="8782315d-455f-fcab-a3af-3b804a932acf" executionId="ae0fb31b-601e-4ca0-bec4-9c3af0c904ba" testListId="8c84fa94-04c1-424b-9868-57a2d4851a1d" />
    <TestEntry testId="267517d1-df30-4a09-c53d-a0832220456d" executionId="2650f0a6-df03-4069-a1b9-190f9937d968" testListId="8c84fa94-04c1-424b-9868-57a2d4851a1d" />
    <TestEntry testId="3142f6b7-7671-ec61-1fc3-94023e132ddf" executionId="015ebad1-64c5-4120-a12d-4b9e9b2df399" testListId="8c84fa94-04c1-424b-9868-57a2d4851a1d" />
    <TestEntry testId="0ed40a05-e57c-b5c7-9d33-8e94b449ec0b" executionId="751aa73c-9f6c-4ee6-96bf-6468cd22cd1b" testListId="8c84fa94-04c1-424b-9868-57a2d4851a1d" />
    <TestEntry testId="170a56f9-2386-592d-ce06-82799287c30e" executionId="fbec39ee-95fc-441c-b9b5-6983e22e8829" testListId="8c84fa94-04c1-424b-9868-57a2d4851a1d" />
    <TestEntry testId="2114f912-3414-0626-79cd-4844d1010b4a" executionId="814fc6c8-76ae-4fd7-85a1-15bce96ad65d" testListId="8c84fa94-04c1-424b-9868-57a2d4851a1d" />
    <TestEntry testId="6d11a230-db1e-c76a-bb14-29795fdf68aa" executionId="3b26b3ab-bc45-4981-a1d2-8724d2f7f0a6" testListId="8c84fa94-04c1-424b-9868-57a2d4851a1d" />
    <TestEntry testId="b8cd199e-ce07-fa05-a5b5-a46f4b94cd47" executionId="ace79bfd-c03b-483e-8668-7371660d6ff6" testListId="8c84fa94-04c1-424b-9868-57a2d4851a1d" />
    <TestEntry testId="873b3e9d-ce5e-b0fa-b068-f0caa5b535f0" executionId="a928ad03-06a8-4871-8183-2c3e7fe1c2c6" testListId="8c84fa94-04c1-424b-9868-57a2d4851a1d" />
    <TestEntry testId="d1e0a003-b79f-9645-7531-1f8d8a6b8da0" executionId="c7ceeaeb-b455-49ed-9fbe-bdc13965d460" testListId="8c84fa94-04c1-424b-9868-57a2d4851a1d" />
    <TestEntry testId="c12169e1-e855-ea4c-13b8-863ac24fe3b8" executionId="1b6a7467-e2eb-4e4d-bac3-ceec40fc9f9e" testListId="8c84fa94-04c1-424b-9868-57a2d4851a1d" />
    <TestEntry testId="1abcb072-7971-68a7-daad-336326076422" executionId="09b4716c-9722-453f-afb1-ffb37e19fa60" testListId="8c84fa94-04c1-424b-9868-57a2d4851a1d" />
    <TestEntry testId="53e10ebe-0de2-d0d7-48b5-c8c9b447c022" executionId="3dd96507-ab1f-4a1a-b5ad-4ac388518a3a" testListId="8c84fa94-04c1-424b-9868-57a2d4851a1d" />
    <TestEntry testId="605a7328-202c-35ec-cc5b-e9ae3317afc5" executionId="338f70e1-0dc0-4e90-81ff-1e2326ab4389" testListId="8c84fa94-04c1-424b-9868-57a2d4851a1d" />
    <TestEntry testId="7f3957c3-d8ac-53f3-8126-5b34c2e57781" executionId="147f40fc-10cc-43fa-bc4d-926d48cdc853" testListId="8c84fa94-04c1-424b-9868-57a2d4851a1d" />
    <TestEntry testId="03465aea-dc64-73eb-d5aa-7f118b87f310" executionId="5c8a299a-3eb8-4add-9b50-841e85a39a1a" testListId="8c84fa94-04c1-424b-9868-57a2d4851a1d" />
    <TestEntry testId="a7e9fa0e-1b46-2ae9-f43c-bcacb82bddf8" executionId="dd7ef22a-edac-4b68-ac03-9b9bd1a956b9" testListId="8c84fa94-04c1-424b-9868-57a2d4851a1d" />
    <TestEntry testId="56086165-7b19-c810-fbc1-3d4df017a8d4" executionId="becbc15e-3992-4860-9681-d706055b8bfc" testListId="8c84fa94-04c1-424b-9868-57a2d4851a1d" />
    <TestEntry testId="6413cbb7-9b62-7038-e215-6840072f98eb" executionId="2330413b-5a68-44e8-9a95-047f2e1fce87" testListId="8c84fa94-04c1-424b-9868-57a2d4851a1d" />
    <TestEntry testId="c36d792c-1028-f8ab-725d-5ea51ca66594" executionId="1b25efcf-631e-433b-8fa3-c914ab25b1d1" testListId="8c84fa94-04c1-424b-9868-57a2d4851a1d" />
    <TestEntry testId="281e692a-c1a1-aa3d-304e-896cf9feaedd" executionId="5ec75efc-2f3d-439e-98fa-f9912650a2e9" testListId="8c84fa94-04c1-424b-9868-57a2d4851a1d" />
    <TestEntry testId="daa85559-acbe-dd34-2acb-c13990c33d12" executionId="32ef9c34-0bc4-40a1-9b10-d53e5903d042" testListId="8c84fa94-04c1-424b-9868-57a2d4851a1d" />
    <TestEntry testId="bc821720-c1a8-1592-8b7e-8cfa5d69a1f0" executionId="ca252533-9b07-48b6-bb2d-7ed9f3dcd2c0" testListId="8c84fa94-04c1-424b-9868-57a2d4851a1d" />
    <TestEntry testId="311c5c75-4fdd-f295-7eb6-d738240d087e" executionId="554bf623-92a0-4eca-a827-35b933bf32b2" testListId="8c84fa94-04c1-424b-9868-57a2d4851a1d" />
    <TestEntry testId="cd4ec1eb-6b00-4abf-885e-7757a17d5216" executionId="685b859e-017c-4d8c-9dbf-f1c765b5f0b8" testListId="8c84fa94-04c1-424b-9868-57a2d4851a1d" />
    <TestEntry testId="8c34db5c-8d41-627b-472c-e1e75cad950b" executionId="34056b4a-e3f7-4ba7-add1-8f46af3509df" testListId="8c84fa94-04c1-424b-9868-57a2d4851a1d" />
    <TestEntry testId="d2aed6b7-90b0-d67f-a6ef-2a7b1240f443" executionId="e5e33ab7-b23a-460c-9f20-aa8df46f418c" testListId="8c84fa94-04c1-424b-9868-57a2d4851a1d" />
    <TestEntry testId="478ac0c9-ad3f-1fa1-eaaa-e418c8b4ae4e" executionId="a5ae1525-c85d-4efb-9cf6-b56297e78c5a" testListId="8c84fa94-04c1-424b-9868-57a2d4851a1d" />
    <TestEntry testId="08f2a995-0258-d640-0e3b-21fe66bce134" executionId="817b6984-9d0b-4f74-aebf-75fbe882b4da" testListId="8c84fa94-04c1-424b-9868-57a2d4851a1d" />
    <TestEntry testId="236fb053-8425-8340-6e5e-ebf20bc9819d" executionId="c810b037-8b24-4db1-ba41-fa63b59d34ac" testListId="8c84fa94-04c1-424b-9868-57a2d4851a1d" />
    <TestEntry testId="9792b584-2d1f-f395-9148-72e7dc62cf84" executionId="cf6f963e-ffc5-4299-80f3-8054d0da49f8" testListId="8c84fa94-04c1-424b-9868-57a2d4851a1d" />
    <TestEntry testId="089b48e0-4774-1d92-74d3-6b9378a18be2" executionId="52740240-80d0-4f08-8ef2-f950203cd6fb" testListId="8c84fa94-04c1-424b-9868-57a2d4851a1d" />
    <TestEntry testId="6bc4c658-436f-e832-5733-2afb03ac5093" executionId="f4e370ba-866f-4538-ba28-d4f315ae525b" testListId="8c84fa94-04c1-424b-9868-57a2d4851a1d" />
    <TestEntry testId="110c8b5b-e8e4-f0e0-cc62-cb9c31f066a5" executionId="ec1b91e4-53b9-47a7-902f-dd36060b2f29" testListId="8c84fa94-04c1-424b-9868-57a2d4851a1d" />
    <TestEntry testId="f7964d01-159c-08c2-80dd-77c20e73c488" executionId="5483bb1e-1b66-498b-a18e-2a431158a41a" testListId="8c84fa94-04c1-424b-9868-57a2d4851a1d" />
    <TestEntry testId="110b63bb-2174-700d-0ae3-7909ee0f1011" executionId="c0e25617-7b0c-44d5-b9ed-1c744a6eabb4" testListId="8c84fa94-04c1-424b-9868-57a2d4851a1d" />
    <TestEntry testId="1852cbf3-4037-0775-ccaf-29a1fc3f0f5f" executionId="176655b8-ce99-43d2-9df3-238781df963e" testListId="8c84fa94-04c1-424b-9868-57a2d4851a1d" />
    <TestEntry testId="29490403-89e6-d33c-401d-2403de4bf578" executionId="97ed1105-899b-4a86-8537-a7433cf4a944" testListId="8c84fa94-04c1-424b-9868-57a2d4851a1d" />
    <TestEntry testId="228cbbfb-232c-f1d6-2496-c2ab524fe634" executionId="966e0534-9db7-4d34-8662-066bf7f1f6f6" testListId="8c84fa94-04c1-424b-9868-57a2d4851a1d" />
    <TestEntry testId="51875103-1f5c-899a-f5d4-8cd09344b649" executionId="eee09db5-af0f-493c-894a-3b94672ff893" testListId="8c84fa94-04c1-424b-9868-57a2d4851a1d" />
    <TestEntry testId="711ee020-5d6d-082a-f693-c61438f89be2" executionId="aae2abee-372a-454f-831b-6b542710f152" testListId="8c84fa94-04c1-424b-9868-57a2d4851a1d" />
    <TestEntry testId="7893adab-032f-c89f-0b19-997441976c5e" executionId="fab6c7b6-6d12-47b9-8999-d30cb060830f" testListId="8c84fa94-04c1-424b-9868-57a2d4851a1d" />
    <TestEntry testId="44cb5094-07ca-3237-da43-36616f2224c9" executionId="32018ddf-d7cf-4d0a-aceb-e86d575cf064" testListId="8c84fa94-04c1-424b-9868-57a2d4851a1d" />
    <TestEntry testId="ed5d5d7a-e147-486f-ca00-ba6f06e6be48" executionId="e3c8c733-ccdc-4855-80a7-6a7f283cdbc1" testListId="8c84fa94-04c1-424b-9868-57a2d4851a1d" />
    <TestEntry testId="2b557205-b950-837b-9228-697c423f5240" executionId="a87df153-f2fb-435b-86bd-aff721249401" testListId="8c84fa94-04c1-424b-9868-57a2d4851a1d" />
    <TestEntry testId="ea3ac36f-1c24-3b06-8eb9-336a75760f23" executionId="fae0d3ef-f253-4b5b-9ab9-44fe94fa298f" testListId="8c84fa94-04c1-424b-9868-57a2d4851a1d" />
    <TestEntry testId="77aaa429-9048-6450-1ef1-115b2f37cb13" executionId="cd4ce303-2957-429f-aecb-d14a3e43369b" testListId="8c84fa94-04c1-424b-9868-57a2d4851a1d" />
    <TestEntry testId="c5776bab-090b-17b8-bfaf-164bf6f1d2d4" executionId="a57c9fa3-e374-4ca2-8f8b-8f93637a7e72" testListId="8c84fa94-04c1-424b-9868-57a2d4851a1d" />
    <TestEntry testId="b9f2942e-7007-5cde-82e5-9c717ae68a4d" executionId="72b9e74c-e374-4689-917d-d562b34d3645" testListId="8c84fa94-04c1-424b-9868-57a2d4851a1d" />
    <TestEntry testId="ce9467b5-7fc5-ae76-92d2-f6685814ede9" executionId="b7abf016-9ea6-41fb-9c7e-79aa753a25cc" testListId="8c84fa94-04c1-424b-9868-57a2d4851a1d" />
    <TestEntry testId="ca084c75-3449-315d-39ec-ad8c8539150f" executionId="039233d5-9a8e-430a-8439-5f7b94e80296" testListId="8c84fa94-04c1-424b-9868-57a2d4851a1d" />
    <TestEntry testId="c47b2702-9235-0905-d04a-279d9b3cb115" executionId="aad1f965-6f10-48b7-9fdf-c4d512cb3463" testListId="8c84fa94-04c1-424b-9868-57a2d4851a1d" />
    <TestEntry testId="11346f47-6077-9c21-9c2b-00158bafe9fd" executionId="6ee0ca48-c26b-4dbf-93d5-ac7d8dc396cf" testListId="8c84fa94-04c1-424b-9868-57a2d4851a1d" />
    <TestEntry testId="6f07570a-2c7f-bcfa-b3a0-b746bad64d89" executionId="b97ee670-d12a-4694-922a-de7cd6461b27" testListId="8c84fa94-04c1-424b-9868-57a2d4851a1d" />
    <TestEntry testId="d3940bd1-3020-95a6-7eb4-4114ed66a1bc" executionId="059c63e4-e4cd-458b-b8c6-7e5277218c75" testListId="8c84fa94-04c1-424b-9868-57a2d4851a1d" />
    <TestEntry testId="3a0a93ad-6318-4164-65e5-d05e0de6ee7d" executionId="168a50d5-8429-4702-a1f3-2c3b8d558506" testListId="8c84fa94-04c1-424b-9868-57a2d4851a1d" />
    <TestEntry testId="7ea4e749-825d-f73b-c0b1-b92d51f98c28" executionId="3458b042-c101-45ba-abf8-08efcc4ddbe9" testListId="8c84fa94-04c1-424b-9868-57a2d4851a1d" />
    <TestEntry testId="ad7f29c5-c4cb-8e78-090a-76b65f0ee4dd" executionId="096455c0-dfdf-40e8-82c5-6528406ffe6a" testListId="8c84fa94-04c1-424b-9868-57a2d4851a1d" />
    <TestEntry testId="333b5441-5c50-472f-2958-b8d3f11087fb" executionId="a0a1dd9f-3573-4315-bafc-dc28d12b4c4a" testListId="8c84fa94-04c1-424b-9868-57a2d4851a1d" />
    <TestEntry testId="2406a475-73d1-818d-c890-b3d34b8b6563" executionId="49197030-6881-43e2-9b44-09fc938c853a" testListId="8c84fa94-04c1-424b-9868-57a2d4851a1d" />
    <TestEntry testId="bcc7f2dd-b54f-b18d-6d1b-4db6de66f83c" executionId="f6911390-d107-47f2-a8f0-14ac6421e80c" testListId="8c84fa94-04c1-424b-9868-57a2d4851a1d" />
    <TestEntry testId="906fabdb-f836-cc15-268e-13f1abfb89b5" executionId="efbbe73c-0100-4966-9453-61526883a481" testListId="8c84fa94-04c1-424b-9868-57a2d4851a1d" />
    <TestEntry testId="6c3c9cd5-560e-acd3-0b3d-495b10e0ea45" executionId="2f73387a-b877-4836-b3fb-048b3e0a172e" testListId="8c84fa94-04c1-424b-9868-57a2d4851a1d" />
    <TestEntry testId="41e7d613-297a-6309-d33e-302d5e3dbf62" executionId="f8b772b3-0a9d-448e-a627-33b7fd74ad7f" testListId="8c84fa94-04c1-424b-9868-57a2d4851a1d" />
    <TestEntry testId="25e93565-b17d-6682-af46-9360ac78e782" executionId="86f45a6e-91e0-405c-be40-ff42ed827978" testListId="8c84fa94-04c1-424b-9868-57a2d4851a1d" />
    <TestEntry testId="9ee0ba89-d1aa-2ba6-1009-f5a5a228729f" executionId="ddd49270-c598-4b54-8184-8e0e8c29d336" testListId="8c84fa94-04c1-424b-9868-57a2d4851a1d" />
    <TestEntry testId="dfe5483a-4a5d-c06f-4681-3f76bd75f327" executionId="ba08c5f1-111d-4a54-b972-ea5ec75b9b74" testListId="8c84fa94-04c1-424b-9868-57a2d4851a1d" />
    <TestEntry testId="b327b6f6-5c8a-ff39-1bbc-3385d84b9896" executionId="02507795-fd5a-40f1-a77a-880720d81f7b" testListId="8c84fa94-04c1-424b-9868-57a2d4851a1d" />
    <TestEntry testId="3825f4e8-7cd5-b900-f4bb-79dd88a308d1" executionId="9cbf4773-146f-4ccc-b8e4-0d4b4f694d5d" testListId="8c84fa94-04c1-424b-9868-57a2d4851a1d" />
    <TestEntry testId="0816dacd-7717-2c34-25de-b6be91664f1e" executionId="4dc9a481-cf1f-4a09-8599-91ccdbde3339" testListId="8c84fa94-04c1-424b-9868-57a2d4851a1d" />
    <TestEntry testId="e395b8e4-bba1-a369-35c5-acc484c621e9" executionId="6cffc6fd-1db3-4dab-8d94-16b43b8c0f8d" testListId="8c84fa94-04c1-424b-9868-57a2d4851a1d" />
    <TestEntry testId="4e3d9d8d-434a-1225-8ffc-71922954a607" executionId="e5281386-31b3-421d-8462-5238481753ce" testListId="8c84fa94-04c1-424b-9868-57a2d4851a1d" />
    <TestEntry testId="0fd30090-b7bb-1d9f-2bcc-07aefebb0f60" executionId="856fb470-8f80-4863-bad2-561aee9da502" testListId="8c84fa94-04c1-424b-9868-57a2d4851a1d" />
    <TestEntry testId="f58d6ccb-ef0e-f564-ea76-06ad39fba0ac" executionId="d5512ca6-6844-4e3c-b5e0-cd13bb740110" testListId="8c84fa94-04c1-424b-9868-57a2d4851a1d" />
    <TestEntry testId="db24ebb3-ae91-f7f3-bb10-42ac49b42a26" executionId="5f57d3f8-77f4-4322-8f77-05a8b157e731" testListId="8c84fa94-04c1-424b-9868-57a2d4851a1d" />
    <TestEntry testId="83d0328f-36ef-83de-c764-0ea41bf721f7" executionId="a85eeb2f-504e-466d-a258-493d031f5b81" testListId="8c84fa94-04c1-424b-9868-57a2d4851a1d" />
    <TestEntry testId="2f46d9a4-3fa8-778c-27f6-2f6a71f13030" executionId="f84e8909-2919-41b4-b194-b0663c252cbe" testListId="8c84fa94-04c1-424b-9868-57a2d4851a1d" />
    <TestEntry testId="a4b82086-05f4-3d2b-2e9b-37cedc9c3c93" executionId="1f65cd4b-f6e8-4308-a8b1-aef68221c548" testListId="8c84fa94-04c1-424b-9868-57a2d4851a1d" />
    <TestEntry testId="03afa042-466f-724a-0674-bd8bf0c2324d" executionId="d978bcb3-fda5-45b9-9e82-b948dc701fca" testListId="8c84fa94-04c1-424b-9868-57a2d4851a1d" />
    <TestEntry testId="26e2d7e8-873a-dfd3-fecd-7c3f4da23a6a" executionId="307daebe-3c77-4e64-879c-02e632c368b1" testListId="8c84fa94-04c1-424b-9868-57a2d4851a1d" />
    <TestEntry testId="c252280f-c992-84a9-f076-380be6254042" executionId="16afb16e-5f8b-45ba-850d-418e780542d5" testListId="8c84fa94-04c1-424b-9868-57a2d4851a1d" />
    <TestEntry testId="f1e69cd9-c994-ed17-9f89-f169aeb5ac9e" executionId="3cb64c16-53b1-416c-90f3-c827fd2acafa" testListId="8c84fa94-04c1-424b-9868-57a2d4851a1d" />
    <TestEntry testId="43c2fc70-20a7-6d7d-2c2e-bc062a4e3378" executionId="a2b62107-948c-4c57-aaa1-184f5d5643d3" testListId="8c84fa94-04c1-424b-9868-57a2d4851a1d" />
    <TestEntry testId="07b42c25-d81d-f9ac-e5df-ca0879f8360c" executionId="743e2f80-c84f-40a5-9863-b4fe65a272bc" testListId="8c84fa94-04c1-424b-9868-57a2d4851a1d" />
    <TestEntry testId="2f1009fc-0775-f7e6-f18a-03b43116f892" executionId="56efa8ad-87a3-479d-8571-0f6aa8cee535" testListId="8c84fa94-04c1-424b-9868-57a2d4851a1d" />
  </TestEntries>
  <TestLists>
    <TestList name="Results Not in a List" id="8c84fa94-04c1-424b-9868-57a2d4851a1d" />
    <TestList name="All Loaded Results" id="19431567-8539-422a-85d7-44ee4e166bda" />
  </TestLists>
  <ResultSummary outcome="Completed">
    <Counters total="95" executed="95" passed="95" failed="0" error="0" timeout="0" aborted="0" inconclusive="0" passedButRunAborted="0" notRunnable="0" notExecuted="0" disconnected="0" warning="0" completed="0" inProgress="0" pending="0" />
    <Output>
      <StdOut>NUnit Adapter 4.6.0.0: Test execution started
Running all tests in /root/autodl-tmp/codex-whole-task-20260915/data-layout/source-linux-07/Tools/FunctionalTests/bin/FunctionalTests/Release/net8.0/FunctionalTests.dll
   NUnit3TestExecutor discovered 95 of 95 NUnit test cases using Current Discovery mode, Non-Explicit run
NUnit Adapter 4.6.0.0: Test execution complete
</StdOut>
    </Output>
  </ResultSummary>
</TestRun>